2025-07-01 18:46:23,514 [INFO]  û   URL: http://localhost:8010/predict
2025-07-01 18:46:25,860 [INFO]   Ŷ Ư¡: [0, 17, 122, 0, 0, 0, 0, 0]
2025-07-01 18:46:27,956 [INFO]   Ŷ Ư¡: [0, 17, 189, 0, 0, 0, 0, 0]
2025-07-01 18:46:30,016 [INFO]   Ŷ Ư¡: [0, 6, 164, 0, 0, 0, 0, 0]
2025-07-01 18:46:32,069 [INFO]   Ŷ Ư¡: [0, 6, 164, 0, 0, 0, 0, 0]
2025-07-01 18:46:34,131 [INFO]   Ŷ Ư¡: [0, 6, 54, 0, 0, 0, 0, 0]
2025-07-01 18:46:36,196 [INFO]   Ŷ Ư¡: [0, 6, 138, 0, 0, 0, 0, 0]
2025-07-01 18:46:38,257 [INFO]   Ŷ Ư¡: [0, 6, 148, 0, 0, 0, 0, 0]
2025-07-01 18:46:40,318 [INFO]   Ŷ Ư¡: [0, 6, 60, 0, 0, 0, 0, 0]
2025-07-01 18:46:42,379 [INFO]   Ŷ Ư¡: [0, 6, 102, 0, 0, 0, 0, 0]
2025-07-01 18:46:44,431 [INFO]   Ŷ Ư¡: [0, 6, 1194, 0, 0, 0, 0, 0]
2025-07-01 18:46:46,492 [INFO]   Ŷ Ư¡: [0, 6, 54, 0, 0, 0, 0, 0]
2025-07-01 18:46:48,551 [INFO]   Ŷ Ư¡: [0, 6, 89, 0, 0, 0, 0, 0]
2025-07-01 18:46:50,619 [INFO]   Ŷ Ư¡: [0, 17, 82, 0, 0, 0, 0, 0]
2025-07-01 18:46:52,690 [INFO]   Ŷ Ư¡: [0, 17, 395, 0, 0, 0, 0, 0]
2025-07-01 18:46:54,763 [INFO]   Ŷ Ư¡: [0, 6, 60, 0, 0, 0, 0, 0]
2025-07-01 18:46:56,820 [INFO]   Ŷ Ư¡: [0, 17, 149, 0, 0, 0, 0, 0]
2025-07-01 18:46:58,889 [INFO]   Ŷ Ư¡: [0, 17, 149, 0, 0, 0, 0, 0]
2025-07-01 18:47:00,941 [INFO]   Ŷ Ư¡: [0, 17, 175, 0, 0, 0, 0, 0]
2025-07-01 18:47:03,003 [INFO]   Ŷ Ư¡: [0, 17, 175, 0, 0, 0, 0, 0]
2025-07-01 18:47:05,075 [INFO]   Ŷ Ư¡: [0, 6, 138, 0, 0, 0, 0, 0]
2025-07-01 18:47:07,145 [INFO]   Ŷ Ư¡: [0, 6, 148, 0, 0, 0, 0, 0]
2025-07-01 18:47:09,205 [INFO]   Ŷ Ư¡: [0, 6, 60, 0, 0, 0, 0, 0]
2025-07-01 18:47:11,266 [INFO]   Ŷ Ư¡: [0, 6, 60, 0, 0, 0, 0, 0]
2025-07-01 18:47:13,328 [INFO]   Ŷ Ư¡: [0, 6, 102, 0, 0, 0, 0, 0]
2025-07-01 18:47:15,397 [INFO]   Ŷ Ư¡: [0, 6, 1194, 0, 0, 0, 0, 0]
2025-07-01 18:47:17,462 [INFO]   Ŷ Ư¡: [0, 6, 54, 0, 0, 0, 0, 0]
2025-07-01 18:47:19,524 [INFO]   Ŷ Ư¡: [0, 6, 164, 0, 0, 0, 0, 0]
2025-07-01 18:47:21,585 [INFO]   Ŷ Ư¡: [0, 6, 164, 0, 0, 0, 0, 0]
2025-07-01 18:47:23,662 [INFO]   Ŷ Ư¡: [0, 6, 54, 0, 0, 0, 0, 0]
2025-07-01 18:47:25,729 [INFO]   Ŷ Ư¡: [0, 6, 138, 0, 0, 0, 0, 0]
2025-07-01 18:47:27,785 [INFO]   Ŷ Ư¡: [0, 6, 148, 0, 0, 0, 0, 0]
2025-07-01 18:47:29,847 [INFO]   Ŷ Ư¡: [0, 6, 60, 0, 0, 0, 0, 0]
2025-07-01 18:47:31,900 [INFO]   Ŷ Ư¡: [0, 6, 102, 0, 0, 0, 0, 0]
2025-07-01 18:47:36,156 [INFO]   Ŷ Ư¡: [0, 6, 1190, 0, 0, 0, 0, 0]
2025-07-01 18:47:38,212 [INFO]   Ŷ Ư¡: [0, 6, 54, 0, 0, 0, 0, 0]
2025-07-01 18:47:42,801 [INFO]  요청 전송 대상 URL: http://localhost:8010/predict
2025-07-01 18:47:42,801 [INFO] 🟢 실시간 패킷 수집 시작! (중지하려면 Ctrl+C)
2025-07-01 18:47:43,177 [INFO]  수집된 패킷 특징: [0, 6, 138, 0, 0, 0, 0, 0]
2025-07-01 18:47:45,240 [INFO] [✓] 예측 결과: attack (신뢰도: 0.5383)
2025-07-01 18:47:45,241 [INFO]  수집된 패킷 특징: [0, 6, 148, 0, 0, 0, 0, 0]
2025-07-01 18:47:47,300 [INFO] [✓] 예측 결과: attack (신뢰도: 0.5283)
2025-07-01 18:47:47,301 [INFO]  수집된 패킷 특징: [0, 6, 60, 0, 0, 0, 0, 0]
2025-07-01 18:47:49,361 [INFO] [✓] 예측 결과: normal (신뢰도: 0.88)
2025-07-01 18:47:49,362 [INFO]  수집된 패킷 특징: [0, 6, 60, 0, 0, 0, 0, 0]
2025-07-01 18:47:51,419 [INFO] [✓] 예측 결과: normal (신뢰도: 0.88)
2025-07-01 18:47:51,420 [INFO]  수집된 패킷 특징: [0, 6, 102, 0, 0, 0, 0, 0]
2025-07-01 18:47:53,479 [INFO] [✓] 예측 결과: attack (신뢰도: 0.5227)
2025-07-01 18:47:53,480 [INFO]  수집된 패킷 특징: [0, 6, 1192, 0, 0, 0, 0, 0]
2025-07-01 18:47:55,542 [INFO] [✓] 예측 결과: normal (신뢰도: 0.83)
2025-07-01 18:47:55,542 [INFO]  수집된 패킷 특징: [0, 6, 54, 0, 0, 0, 0, 0]
2025-07-01 18:47:57,603 [INFO] [✓] 예측 결과: normal (신뢰도: 0.96)
2025-07-01 18:47:57,604 [INFO]  수집된 패킷 특징: [0, 17, 90, 0, 0, 0, 0, 0]
2025-07-01 18:47:59,663 [INFO] [✓] 예측 결과: normal (신뢰도: 0.504)
2025-07-01 18:47:59,665 [INFO]  수집된 패킷 특징: [0, 17, 90, 0, 0, 0, 0, 0]
2025-07-01 18:48:01,721 [INFO] [✓] 예측 결과: normal (신뢰도: 0.504)
2025-07-01 18:48:01,722 [INFO]  수집된 패킷 특징: [0, 6, 164, 0, 0, 0, 0, 0]
2025-07-01 18:48:03,796 [INFO] [✓] 예측 결과: attack (신뢰도: 0.5183)
2025-07-01 18:48:03,797 [INFO]  수집된 패킷 특징: [0, 6, 164, 0, 0, 0, 0, 0]
2025-07-01 18:48:05,861 [INFO] [✓] 예측 결과: attack (신뢰도: 0.5183)
2025-07-01 18:48:05,861 [INFO]  수집된 패킷 특징: [0, 6, 54, 0, 0, 0, 0, 0]
2025-07-01 18:48:07,924 [INFO] [✓] 예측 결과: normal (신뢰도: 0.96)
2025-07-01 18:48:07,925 [INFO]  수집된 패킷 특징: [0, 17, 149, 0, 0, 0, 0, 0]
2025-07-01 18:48:09,983 [INFO] [✓] 예측 결과: attack (신뢰도: 0.5283)
2025-07-01 18:48:09,984 [INFO]  수집된 패킷 특징: [0, 17, 149, 0, 0, 0, 0, 0]
2025-07-01 18:48:12,043 [INFO] [✓] 예측 결과: attack (신뢰도: 0.5283)
2025-07-01 18:48:12,045 [INFO]  수집된 패킷 특징: [0, 17, 175, 0, 0, 0, 0, 0]
2025-07-01 18:48:14,104 [INFO] [✓] 예측 결과: attack (신뢰도: 0.5033)
2025-07-01 18:48:14,105 [INFO]  수집된 패킷 특징: [0, 17, 175, 0, 0, 0, 0, 0]
2025-07-01 18:48:16,169 [INFO] [✓] 예측 결과: attack (신뢰도: 0.5033)
2025-07-01 18:48:16,171 [INFO]  수집된 패킷 특징: [0, 6, 138, 0, 0, 0, 0, 0]
2025-07-01 18:48:18,226 [INFO] [✓] 예측 결과: attack (신뢰도: 0.5383)
2025-07-01 18:48:18,227 [INFO]  수집된 패킷 특징: [0, 6, 148, 0, 0, 0, 0, 0]
2025-07-01 18:48:20,284 [INFO] [✓] 예측 결과: attack (신뢰도: 0.5283)
2025-07-01 18:48:20,285 [INFO]  수집된 패킷 특징: [0, 6, 138, 0, 0, 0, 0, 0]
2025-07-01 18:48:22,344 [INFO] [✓] 예측 결과: attack (신뢰도: 0.5383)
2025-07-01 18:48:22,344 [INFO]  수집된 패킷 특징: [0, 6, 334, 0, 0, 0, 0, 0]
2025-07-01 18:48:24,407 [INFO] [✓] 예측 결과: normal (신뢰도: 0.8567)
2025-07-01 18:48:24,408 [INFO]  수집된 패킷 특징: [0, 6, 60, 0, 0, 0, 0, 0]
2025-07-01 18:48:26,489 [INFO] [✓] 예측 결과: normal (신뢰도: 0.88)
2025-07-01 18:48:26,491 [INFO]  수집된 패킷 특징: [0, 6, 102, 0, 0, 0, 0, 0]
2025-07-01 18:48:28,554 [INFO] [✓] 예측 결과: attack (신뢰도: 0.5227)
2025-07-01 18:48:28,555 [INFO]  수집된 패킷 특징: [0, 6, 60, 0, 0, 0, 0, 0]
2025-07-01 18:48:30,618 [INFO] [✓] 예측 결과: normal (신뢰도: 0.88)
2025-07-01 18:48:30,618 [INFO]  수집된 패킷 특징: [0, 6, 102, 0, 0, 0, 0, 0]
2025-07-01 18:48:32,678 [INFO] [✓] 예측 결과: attack (신뢰도: 0.5227)
2025-07-01 18:48:32,679 [INFO]  수집된 패킷 특징: [0, 6, 54, 0, 0, 0, 0, 0]
2025-07-01 18:48:34,745 [INFO] [✓] 예측 결과: normal (신뢰도: 0.96)
2025-07-01 18:48:34,746 [INFO]  수집된 패킷 특징: [0, 6, 1190, 0, 0, 0, 0, 0]
2025-07-01 18:48:36,807 [INFO] [✓] 예측 결과: normal (신뢰도: 0.83)
2025-07-01 18:48:36,808 [INFO]  수집된 패킷 특징: [0, 6, 89, 0, 0, 0, 0, 0]
2025-07-01 18:48:38,867 [INFO] [✓] 예측 결과: normal (신뢰도: 0.504)
2025-07-01 18:48:38,868 [INFO]  수집된 패킷 특징: [0, 6, 1415, 0, 0, 0, 0, 0]
2025-07-01 18:48:40,930 [INFO] [✓] 예측 결과: normal (신뢰도: 0.83)
2025-07-01 18:48:40,931 [INFO]  수집된 패킷 특징: [0, 6, 1426, 0, 0, 0, 0, 0]
2025-07-01 18:48:42,989 [INFO] [✓] 예측 결과: normal (신뢰도: 0.83)
2025-07-01 18:48:42,990 [INFO]  수집된 패킷 특징: [0, 6, 367, 0, 0, 0, 0, 0]
2025-07-01 18:48:45,060 [INFO] [✓] 예측 결과: normal (신뢰도: 0.8567)
2025-07-01 18:48:45,060 [INFO]  수집된 패킷 특징: [0, 6, 54, 0, 0, 0, 0, 0]
2025-07-01 18:48:47,126 [INFO] [✓] 예측 결과: normal (신뢰도: 0.96)
2025-07-01 18:48:47,128 [INFO]  수집된 패킷 특징: [0, 6, 164, 0, 0, 0, 0, 0]
2025-07-01 18:48:49,183 [INFO] [✓] 예측 결과: attack (신뢰도: 0.5183)
2025-07-01 18:48:49,184 [INFO]  수집된 패킷 특징: [0, 6, 164, 0, 0, 0, 0, 0]
2025-07-01 18:48:51,245 [INFO] [✓] 예측 결과: attack (신뢰도: 0.5183)
2025-07-01 18:48:51,245 [INFO]  수집된 패킷 특징: [0, 6, 54, 0, 0, 0, 0, 0]
2025-07-01 18:48:53,307 [INFO] [✓] 예측 결과: normal (신뢰도: 0.96)
2025-07-01 18:48:53,308 [INFO]  수집된 패킷 특징: [0, 6, 138, 0, 0, 0, 0, 0]
2025-07-01 18:48:55,371 [INFO] [✓] 예측 결과: attack (신뢰도: 0.5383)
2025-07-01 18:48:55,372 [INFO]  수집된 패킷 특징: [0, 6, 148, 0, 0, 0, 0, 0]
2025-07-01 18:48:57,432 [INFO] [✓] 예측 결과: attack (신뢰도: 0.5283)
2025-07-01 18:48:57,433 [INFO]  수집된 패킷 특징: [0, 6, 60, 0, 0, 0, 0, 0]
2025-07-01 18:48:59,492 [INFO] [✓] 예측 결과: normal (신뢰도: 0.88)
2025-07-01 18:48:59,494 [INFO]  수집된 패킷 특징: [0, 6, 102, 0, 0, 0, 0, 0]
2025-07-01 18:49:01,553 [INFO] [✓] 예측 결과: attack (신뢰도: 0.5227)
2025-07-01 18:49:01,554 [INFO]  수집된 패킷 특징: [0, 6, 1200, 0, 0, 0, 0, 0]
2025-07-01 18:49:03,614 [INFO] [✓] 예측 결과: normal (신뢰도: 0.83)
2025-07-01 18:49:03,614 [INFO]  수집된 패킷 특징: [0, 6, 54, 0, 0, 0, 0, 0]
2025-07-01 18:49:05,681 [INFO] [✓] 예측 결과: normal (신뢰도: 0.96)
2025-07-01 18:49:05,683 [INFO]  수집된 패킷 특징: [0, 6, 79, 0, 0, 0, 0, 0]
2025-07-01 18:49:07,742 [INFO] [✓] 예측 결과: normal (신뢰도: 0.6233)
2025-07-01 18:49:07,743 [INFO]  수집된 패킷 특징: [0, 6, 83, 0, 0, 0, 0, 0]
2025-07-01 18:49:09,802 [INFO] [✓] 예측 결과: normal (신뢰도: 0.504)
2025-07-01 18:49:09,803 [INFO]  수집된 패킷 특징: [0, 6, 138, 0, 0, 0, 0, 0]
2025-07-01 18:49:11,865 [INFO] [✓] 예측 결과: attack (신뢰도: 0.5383)
2025-07-01 18:49:11,866 [INFO]  수집된 패킷 특징: [0, 6, 148, 0, 0, 0, 0, 0]
2025-07-01 18:49:13,935 [INFO] [✓] 예측 결과: attack (신뢰도: 0.5283)
2025-07-01 18:49:13,935 [INFO]  수집된 패킷 특징: [0, 6, 60, 0, 0, 0, 0, 0]
2025-07-01 18:49:18,684 [INFO] [✓] 예측 결과: normal (신뢰도: 0.88)
2025-07-01 18:49:18,685 [INFO]  수집된 패킷 특징: [0, 6, 102, 0, 0, 0, 0, 0]
2025-07-01 18:49:20,743 [INFO] [✓] 예측 결과: attack (신뢰도: 0.5227)
2025-07-01 18:49:20,745 [INFO]  수집된 패킷 특징: [0, 6, 1194, 0, 0, 0, 0, 0]
2025-07-01 18:49:22,804 [INFO] [✓] 예측 결과: normal (신뢰도: 0.83)
2025-07-01 18:49:22,805 [INFO]  수집된 패킷 특징: [0, 6, 54, 0, 0, 0, 0, 0]
2025-07-01 18:49:24,870 [INFO] [✓] 예측 결과: normal (신뢰도: 0.96)
2025-07-01 18:49:24,871 [INFO]  수집된 패킷 특징: [0, 6, 89, 0, 0, 0, 0, 0]
2025-07-01 18:49:26,931 [INFO] [✓] 예측 결과: normal (신뢰도: 0.504)
2025-07-01 18:49:26,932 [INFO]  수집된 패킷 특징: [0, 6, 60, 0, 0, 0, 0, 0]
2025-07-01 18:49:28,991 [INFO] [✓] 예측 결과: normal (신뢰도: 0.88)
2025-07-01 18:49:28,992 [INFO]  수집된 패킷 특징: [0, 6, 60, 0, 0, 0, 0, 0]
2025-07-01 18:49:31,048 [INFO] [✓] 예측 결과: normal (신뢰도: 0.88)
2025-07-01 18:49:31,049 [INFO]  수집된 패킷 특징: [0, 6, 164, 0, 0, 0, 0, 0]
2025-07-01 18:49:33,107 [INFO] [✓] 예측 결과: attack (신뢰도: 0.5183)
2025-07-01 18:49:33,107 [INFO]  수집된 패킷 특징: [0, 6, 164, 0, 0, 0, 0, 0]
2025-07-01 18:49:35,168 [INFO] [✓] 예측 결과: attack (신뢰도: 0.5183)
2025-07-01 18:49:35,169 [INFO]  수집된 패킷 특징: [0, 6, 54, 0, 0, 0, 0, 0]
2025-07-01 18:49:37,233 [INFO] [✓] 예측 결과: normal (신뢰도: 0.96)
2025-07-01 18:49:37,234 [INFO]  수집된 패킷 특징: [0, 6, 138, 0, 0, 0, 0, 0]
2025-07-01 18:49:39,294 [INFO] [✓] 예측 결과: attack (신뢰도: 0.5383)
2025-07-01 18:49:39,295 [INFO]  수집된 패킷 특징: [0, 6, 148, 0, 0, 0, 0, 0]
2025-07-01 18:49:41,352 [INFO] [✓] 예측 결과: attack (신뢰도: 0.5283)
2025-07-01 18:49:41,353 [INFO]  수집된 패킷 특징: [0, 6, 60, 0, 0, 0, 0, 0]
2025-07-01 18:49:43,413 [INFO] [✓] 예측 결과: normal (신뢰도: 0.88)
2025-07-01 18:49:43,414 [INFO]  수집된 패킷 특징: [0, 6, 60, 0, 0, 0, 0, 0]
2025-07-01 18:49:45,481 [INFO] [✓] 예측 결과: normal (신뢰도: 0.88)
2025-07-01 18:49:45,482 [INFO]  수집된 패킷 특징: [0, 6, 102, 0, 0, 0, 0, 0]
2025-07-01 18:49:47,542 [INFO] [✓] 예측 결과: attack (신뢰도: 0.5227)
2025-07-01 18:49:47,542 [INFO]  수집된 패킷 특징: [0, 6, 1192, 0, 0, 0, 0, 0]
2025-07-01 18:49:49,606 [INFO] [✓] 예측 결과: normal (신뢰도: 0.83)
2025-07-01 18:49:49,607 [INFO]  수집된 패킷 특징: [0, 6, 54, 0, 0, 0, 0, 0]
2025-07-01 18:49:51,666 [INFO] [✓] 예측 결과: normal (신뢰도: 0.96)
2025-07-01 18:49:51,667 [INFO]  수집된 패킷 특징: [0, 6, 164, 0, 0, 0, 0, 0]
2025-07-01 18:49:53,727 [INFO] [✓] 예측 결과: attack (신뢰도: 0.5183)
2025-07-01 18:49:53,728 [INFO]  수집된 패킷 특징: [0, 6, 164, 0, 0, 0, 0, 0]
2025-07-01 18:49:55,794 [INFO] [✓] 예측 결과: attack (신뢰도: 0.5183)
2025-07-01 18:49:55,795 [INFO]  수집된 패킷 특징: [0, 6, 54, 0, 0, 0, 0, 0]
2025-07-01 18:49:57,855 [INFO] [✓] 예측 결과: normal (신뢰도: 0.96)
2025-07-01 18:49:57,863 [INFO]  수집된 패킷 특징: [0, 6, 138, 0, 0, 0, 0, 0]
2025-07-01 18:49:59,913 [INFO] [✓] 예측 결과: attack (신뢰도: 0.5383)
2025-07-01 18:49:59,914 [INFO]  수집된 패킷 특징: [0, 6, 148, 0, 0, 0, 0, 0]
2025-07-01 18:50:01,972 [INFO] [✓] 예측 결과: attack (신뢰도: 0.5283)
2025-07-01 18:50:01,972 [INFO]  수집된 패킷 특징: [0, 6, 60, 0, 0, 0, 0, 0]
2025-07-01 18:50:04,031 [INFO] [✓] 예측 결과: normal (신뢰도: 0.88)
2025-07-01 18:50:04,032 [INFO]  수집된 패킷 특징: [0, 6, 102, 0, 0, 0, 0, 0]
2025-07-01 18:50:06,097 [INFO] [✓] 예측 결과: attack (신뢰도: 0.5227)
2025-07-01 18:50:06,098 [INFO]  수집된 패킷 특징: [0, 6, 1194, 0, 0, 0, 0, 0]
2025-07-01 18:50:08,156 [INFO] [✓] 예측 결과: normal (신뢰도: 0.83)
2025-07-01 18:50:08,156 [INFO]  수집된 패킷 특징: [0, 6, 54, 0, 0, 0, 0, 0]
2025-07-01 18:50:10,216 [INFO] [✓] 예측 결과: normal (신뢰도: 0.96)
2025-07-01 18:50:10,217 [INFO]  수집된 패킷 특징: [0, 6, 89, 0, 0, 0, 0, 0]
2025-07-01 18:50:12,274 [INFO] [✓] 예측 결과: normal (신뢰도: 0.504)
2025-07-01 18:50:12,277 [INFO]  수집된 패킷 특징: [0, 6, 60, 0, 0, 0, 0, 0]
2025-07-01 18:50:14,338 [INFO] [✓] 예측 결과: normal (신뢰도: 0.88)
2025-07-01 18:50:14,339 [INFO]  수집된 패킷 특징: [0, 17, 122, 0, 0, 0, 0, 0]
2025-07-01 18:50:16,396 [INFO] [✓] 예측 결과: attack (신뢰도: 0.52)
2025-07-01 18:50:16,397 [INFO]  수집된 패킷 특징: [0, 17, 189, 0, 0, 0, 0, 0]
2025-07-01 18:50:18,462 [INFO] [✓] 예측 결과: attack (신뢰도: 0.5033)
2025-07-01 18:50:18,468 [INFO]  수집된 패킷 특징: [0, 17, 82, 0, 0, 0, 0, 0]
2025-07-01 18:50:20,543 [INFO] [✓] 예측 결과: normal (신뢰도: 0.504)
2025-07-01 18:50:20,545 [INFO]  수집된 패킷 특징: [0, 17, 395, 0, 0, 0, 0, 0]
2025-07-01 18:50:22,610 [INFO] [✓] 예측 결과: normal (신뢰도: 0.8567)
2025-07-01 18:50:22,615 [INFO]  수집된 패킷 특징: [0, 6, 164, 0, 0, 0, 0, 0]
2025-07-01 18:50:24,671 [INFO] [✓] 예측 결과: attack (신뢰도: 0.5183)
2025-07-01 18:50:24,672 [INFO]  수집된 패킷 특징: [0, 6, 164, 0, 0, 0, 0, 0]
2025-07-01 18:50:26,722 [INFO] [✓] 예측 결과: attack (신뢰도: 0.5183)
2025-07-01 18:50:26,723 [INFO]  수집된 패킷 특징: [0, 6, 54, 0, 0, 0, 0, 0]
2025-07-01 18:50:28,784 [INFO] [✓] 예측 결과: normal (신뢰도: 0.96)
2025-07-01 18:50:28,787 [INFO]  수집된 패킷 특징: [0, 6, 138, 0, 0, 0, 0, 0]
2025-07-01 18:50:30,848 [INFO] [✓] 예측 결과: attack (신뢰도: 0.5383)
2025-07-01 18:50:30,849 [INFO]  수집된 패킷 특징: [0, 6, 148, 0, 0, 0, 0, 0]
2025-07-01 18:50:32,914 [INFO] [✓] 예측 결과: attack (신뢰도: 0.5283)
2025-07-01 18:50:32,918 [INFO]  수집된 패킷 특징: [0, 6, 60, 0, 0, 0, 0, 0]
2025-07-01 18:50:34,991 [INFO] [✓] 예측 결과: normal (신뢰도: 0.88)
2025-07-01 18:50:34,992 [INFO]  수집된 패킷 특징: [0, 6, 60, 0, 0, 0, 0, 0]
2025-07-01 18:50:37,051 [INFO] [✓] 예측 결과: normal (신뢰도: 0.88)
2025-07-01 18:50:37,052 [INFO]  수집된 패킷 특징: [0, 6, 102, 0, 0, 0, 0, 0]
2025-07-01 18:50:39,110 [INFO] [✓] 예측 결과: attack (신뢰도: 0.5227)
2025-07-01 18:50:39,112 [INFO]  수집된 패킷 특징: [0, 6, 1192, 0, 0, 0, 0, 0]
2025-07-01 18:50:41,170 [INFO] [✓] 예측 결과: normal (신뢰도: 0.83)
2025-07-01 18:50:41,171 [INFO]  수집된 패킷 특징: [0, 6, 54, 0, 0, 0, 0, 0]
2025-07-01 18:50:43,232 [INFO] [✓] 예측 결과: normal (신뢰도: 0.96)
2025-07-01 18:50:43,233 [INFO]  수집된 패킷 특징: [0, 6, 138, 0, 0, 0, 0, 0]
2025-07-01 18:50:45,296 [INFO] [✓] 예측 결과: attack (신뢰도: 0.5383)
2025-07-01 18:50:45,297 [INFO]  수집된 패킷 특징: [0, 6, 334, 0, 0, 0, 0, 0]
2025-07-01 18:50:47,361 [INFO] [✓] 예측 결과: normal (신뢰도: 0.8567)
2025-07-01 18:50:47,362 [INFO]  수집된 패킷 특징: [0, 6, 60, 0, 0, 0, 0, 0]
2025-07-01 18:50:49,418 [INFO] [✓] 예측 결과: normal (신뢰도: 0.88)
2025-07-01 18:50:49,419 [INFO]  수집된 패킷 특징: [0, 6, 102, 0, 0, 0, 0, 0]
2025-07-01 18:50:51,480 [INFO] [✓] 예측 결과: attack (신뢰도: 0.5227)
2025-07-01 18:50:51,481 [INFO]  수집된 패킷 특징: [0, 6, 1426, 0, 0, 0, 0, 0]
2025-07-01 18:50:53,539 [INFO] [✓] 예측 결과: normal (신뢰도: 0.83)
2025-07-01 18:50:53,540 [INFO]  수집된 패킷 특징: [0, 6, 54, 0, 0, 0, 0, 0]
2025-07-01 18:50:55,610 [INFO] [✓] 예측 결과: normal (신뢰도: 0.96)
2025-07-01 18:50:55,611 [INFO]  수집된 패킷 특징: [0, 6, 1426, 0, 0, 0, 0, 0]
2025-07-01 18:50:57,665 [INFO] [✓] 예측 결과: normal (신뢰도: 0.83)
2025-07-01 18:50:57,666 [INFO]  수집된 패킷 특징: [0, 6, 348, 0, 0, 0, 0, 0]
2025-07-01 18:50:59,727 [INFO] [✓] 예측 결과: normal (신뢰도: 0.8567)
2025-07-01 18:50:59,728 [INFO]  수집된 패킷 특징: [0, 6, 54, 0, 0, 0, 0, 0]
2025-07-01 18:51:01,788 [INFO] [✓] 예측 결과: normal (신뢰도: 0.96)
2025-07-01 18:51:01,789 [INFO]  수집된 패킷 특징: [0, 6, 85, 0, 0, 0, 0, 0]
2025-07-01 18:51:03,851 [INFO] [✓] 예측 결과: normal (신뢰도: 0.504)
2025-07-01 18:51:03,852 [INFO]  수집된 패킷 특징: [0, 6, 89, 0, 0, 0, 0, 0]
2025-07-01 18:51:05,918 [INFO] [✓] 예측 결과: normal (신뢰도: 0.504)
2025-07-01 18:51:05,919 [INFO]  수집된 패킷 특징: [0, 6, 60, 0, 0, 0, 0, 0]
2025-07-01 18:51:07,979 [INFO] [✓] 예측 결과: normal (신뢰도: 0.88)
2025-07-01 18:51:07,984 [INFO]  수집된 패킷 특징: [0, 6, 164, 0, 0, 0, 0, 0]
2025-07-01 18:51:10,042 [INFO] [✓] 예측 결과: attack (신뢰도: 0.5183)
2025-07-01 18:51:10,043 [INFO]  수집된 패킷 특징: [0, 6, 164, 0, 0, 0, 0, 0]
2025-07-01 18:51:12,102 [INFO] [✓] 예측 결과: attack (신뢰도: 0.5183)
2025-07-01 18:51:12,102 [INFO]  수집된 패킷 특징: [0, 6, 54, 0, 0, 0, 0, 0]
2025-07-01 18:51:14,162 [INFO] [✓] 예측 결과: normal (신뢰도: 0.96)
2025-07-01 18:51:14,163 [INFO]  수집된 패킷 특징: [0, 6, 138, 0, 0, 0, 0, 0]
2025-07-01 18:51:18,639 [INFO] [✓] 예측 결과: attack (신뢰도: 0.5383)
2025-07-01 18:51:18,640 [INFO]  수집된 패킷 특징: [0, 6, 148, 0, 0, 0, 0, 0]
2025-07-01 18:51:20,698 [INFO] [✓] 예측 결과: attack (신뢰도: 0.5283)
2025-07-01 18:51:20,699 [INFO]  수집된 패킷 특징: [0, 6, 60, 0, 0, 0, 0, 0]
2025-07-01 18:51:28,556 [INFO]  요청 전송 대상 URL: http://localhost:8010/predict
2025-07-01 18:51:28,557 [INFO] 🟢 실시간 패킷 수집 시작! (중지하려면 Ctrl+C)
2025-07-01 18:51:28,601 [ERROR] [main] 패킷 수집 중 오류 발생: Interface 'eth0' not found !
2025-07-01 18:53:46,808 [INFO]  요청 전송 대상 URL: http://localhost:8010/predict
2025-07-01 18:53:46,808 [INFO] 🟢 실시간 패킷 수집 시작! (중지하려면 Ctrl+C)
2025-07-01 18:59:55,228 [INFO]  요청 전송 대상 URL: http://localhost:8010/predict
2025-07-01 18:59:55,228 [INFO] 🟢 실시간 패킷 수집 시작! (중지하려면 Ctrl+C)
2025-07-01 19:02:48,984 [INFO]  요청 전송 대상 URL: http://localhost:8010/predict
2025-07-01 19:02:48,985 [INFO] 🟢 실시간 패킷 수집 시작! (중지하려면 Ctrl+C)
2025-07-01 19:03:30,316 [INFO]  요청 전송 대상 URL: http://localhost:8010/predict
2025-07-01 19:03:30,317 [INFO] 🟢 실시간 패킷 수집 시작! (중지하려면 Ctrl+C)
2025-07-01 19:03:52,507 [INFO]  요청 전송 대상 URL: http://localhost:8010/predict
2025-07-01 19:03:52,507 [INFO] 🟢 실시간 패킷 수집 시작! (중지하려면 Ctrl+C)
2025-07-01 19:04:13,284 [INFO]  요청 전송 대상 URL: http://localhost:8010/predict
2025-07-01 19:04:13,284 [INFO] 🟢 실시간 패킷 수집 시작! (중지하려면 Ctrl+C)
2025-07-01 19:04:14,226 [INFO]  수집된 패킷 특징: [0, 17, 90, 0, 0, 0, 0, 0]
2025-07-01 19:04:16,307 [INFO] [✓] 예측 결과: normal (신뢰도: 0.504)
2025-07-01 19:04:16,308 [INFO]  수집된 패킷 특징: [0, 6, 164, 0, 0, 0, 0, 0]
2025-07-01 19:04:18,370 [INFO] [✓] 예측 결과: attack (신뢰도: 0.5183)
2025-07-01 19:04:18,371 [INFO]  수집된 패킷 특징: [0, 6, 164, 0, 0, 0, 0, 0]
2025-07-01 19:04:20,435 [INFO] [✓] 예측 결과: attack (신뢰도: 0.5183)
2025-07-01 19:04:20,435 [INFO]  수집된 패킷 특징: [0, 6, 54, 0, 0, 0, 0, 0]
2025-07-01 19:04:22,498 [INFO] [✓] 예측 결과: normal (신뢰도: 0.96)
2025-07-01 19:04:22,499 [INFO]  수집된 패킷 특징: [0, 17, 90, 0, 0, 0, 0, 0]
2025-07-01 19:04:24,572 [INFO] [✓] 예측 결과: normal (신뢰도: 0.504)
2025-07-01 19:22:16,364 [INFO] 요청 전송 대상 URL: http://localhost:8010/predict
2025-07-01 19:22:16,364 [INFO] 🟢 실시간 패킷 수집 시작! (중지하려면 Ctrl+C)
2025-07-01 19:22:17,258 [INFO] 수집된 패킷 특징: [0, 6, 55, 0, 0, 0, 0, 0]
2025-07-01 19:22:19,337 [INFO] [✓] 예측 결과: normal (신뢰도: 0.95)
2025-07-01 19:22:19,339 [INFO] 수집된 패킷 특징: [0, 6, 66, 0, 0, 0, 0, 0]
2025-07-01 19:22:21,391 [INFO] [✓] 예측 결과: normal (신뢰도: 0.88)
2025-07-01 19:22:21,392 [INFO] 수집된 패킷 특징: [0, 6, 60, 0, 0, 0, 0, 0]
2025-07-01 19:22:23,436 [INFO] [✓] 예측 결과: normal (신뢰도: 0.88)
2025-07-01 19:22:23,438 [INFO] 수집된 패킷 특징: [0, 6, 54, 0, 0, 0, 0, 0]
2025-07-01 19:22:25,496 [INFO] [✓] 예측 결과: normal (신뢰도: 0.96)
2025-07-01 19:22:25,498 [INFO] 수집된 패킷 특징: [0, 6, 60, 0, 0, 0, 0, 0]
2025-07-01 19:22:27,559 [INFO] [✓] 예측 결과: normal (신뢰도: 0.88)
2025-07-01 19:22:27,607 [INFO] 수집된 패킷 특징: [0, 6, 167, 0, 0, 0, 0, 0]
2025-07-01 19:22:29,666 [INFO] [✓] 예측 결과: normal (신뢰도: 0.5067)
2025-07-01 19:22:29,668 [INFO] 수집된 패킷 특징: [0, 6, 2533, 0, 0, 0, 0, 0]
2025-07-01 19:22:31,729 [INFO] [✓] 예측 결과: normal (신뢰도: 0.82)
2025-07-01 19:22:31,730 [INFO] 수집된 패킷 특징: [0, 6, 60, 0, 0, 0, 0, 0]
2025-07-01 19:22:33,790 [INFO] [✓] 예측 결과: normal (신뢰도: 0.88)
2025-07-01 19:22:33,791 [INFO] 수집된 패킷 특징: [0, 6, 153, 0, 0, 0, 0, 0]
2025-07-01 19:22:35,852 [INFO] [✓] 예측 결과: attack (신뢰도: 0.5183)
2025-07-01 19:22:35,853 [INFO] 수집된 패킷 특징: [0, 6, 89, 0, 0, 0, 0, 0]
2025-07-01 19:22:37,913 [INFO] [✓] 예측 결과: normal (신뢰도: 0.504)
2025-07-01 19:22:37,962 [INFO] 수집된 패킷 특징: [0, 6, 167, 0, 0, 0, 0, 0]
2025-07-01 19:22:40,019 [INFO] [✓] 예측 결과: normal (신뢰도: 0.5067)
2025-07-01 19:22:40,021 [INFO] 수집된 패킷 특징: [0, 6, 2533, 0, 0, 0, 0, 0]
2025-07-01 19:22:42,081 [INFO] [✓] 예측 결과: normal (신뢰도: 0.82)
2025-07-01 19:22:42,082 [INFO] 수집된 패킷 특징: [0, 6, 60, 0, 0, 0, 0, 0]
2025-07-01 19:22:44,144 [INFO] [✓] 예측 결과: normal (신뢰도: 0.88)
2025-07-01 19:22:44,145 [INFO] 수집된 패킷 특징: [0, 6, 148, 0, 0, 0, 0, 0]
2025-07-01 19:22:46,198 [INFO] [✓] 예측 결과: attack (신뢰도: 0.5283)
2025-07-01 19:22:46,200 [INFO] 수집된 패킷 특징: [0, 6, 54, 0, 0, 0, 0, 0]
2025-07-01 19:22:48,261 [INFO] [✓] 예측 결과: normal (신뢰도: 0.96)
2025-07-01 19:22:48,325 [INFO] 수집된 패킷 특징: [0, 6, 167, 0, 0, 0, 0, 0]
2025-07-01 19:22:50,391 [INFO] [✓] 예측 결과: normal (신뢰도: 0.5067)
2025-07-01 19:22:50,393 [INFO] 수집된 패킷 특징: [0, 6, 2533, 0, 0, 0, 0, 0]
2025-07-01 19:22:52,447 [INFO] [✓] 예측 결과: normal (신뢰도: 0.82)
2025-07-01 19:22:52,449 [INFO] 수집된 패킷 특징: [0, 6, 60, 0, 0, 0, 0, 0]
2025-07-01 19:22:54,515 [INFO] [✓] 예측 결과: normal (신뢰도: 0.88)
2025-07-01 19:22:54,516 [INFO] 수집된 패킷 특징: [0, 6, 148, 0, 0, 0, 0, 0]
2025-07-01 19:22:56,579 [INFO] [✓] 예측 결과: attack (신뢰도: 0.5283)
2025-07-01 19:22:56,580 [INFO] 수집된 패킷 특징: [0, 6, 54, 0, 0, 0, 0, 0]
2025-07-01 19:22:58,636 [INFO] [✓] 예측 결과: normal (신뢰도: 0.96)
2025-07-01 19:22:58,701 [INFO] 수집된 패킷 특징: [0, 6, 167, 0, 0, 0, 0, 0]
2025-07-01 19:23:00,758 [INFO] [✓] 예측 결과: normal (신뢰도: 0.5067)
2025-07-01 19:23:00,760 [INFO] 수집된 패킷 특징: [0, 6, 2533, 0, 0, 0, 0, 0]
2025-07-01 19:23:02,818 [INFO] [✓] 예측 결과: normal (신뢰도: 0.82)
2025-07-01 19:23:02,826 [INFO] 수집된 패킷 특징: [0, 6, 60, 0, 0, 0, 0, 0]
2025-07-01 19:23:04,878 [INFO] [✓] 예측 결과: normal (신뢰도: 0.88)
2025-07-01 19:23:04,880 [INFO] 수집된 패킷 특징: [0, 6, 153, 0, 0, 0, 0, 0]
2025-07-01 19:23:06,944 [INFO] [✓] 예측 결과: attack (신뢰도: 0.5183)
2025-07-01 19:23:06,946 [INFO] 수집된 패킷 특징: [0, 6, 89, 0, 0, 0, 0, 0]
2025-07-01 19:23:09,007 [INFO] [✓] 예측 결과: normal (신뢰도: 0.504)
2025-07-01 19:23:09,070 [INFO] 수집된 패킷 특징: [0, 6, 167, 0, 0, 0, 0, 0]
2025-07-01 19:23:11,127 [INFO] [✓] 예측 결과: normal (신뢰도: 0.5067)
2025-07-01 19:23:11,129 [INFO] 수집된 패킷 특징: [0, 6, 2533, 0, 0, 0, 0, 0]
2025-07-01 19:23:13,188 [INFO] [✓] 예측 결과: normal (신뢰도: 0.82)
2025-07-01 19:23:13,190 [INFO] 수집된 패킷 특징: [0, 6, 60, 0, 0, 0, 0, 0]
2025-07-01 19:23:15,246 [INFO] [✓] 예측 결과: normal (신뢰도: 0.88)
2025-07-01 19:23:15,248 [INFO] 수집된 패킷 특징: [0, 6, 148, 0, 0, 0, 0, 0]
2025-07-01 19:23:17,313 [INFO] [✓] 예측 결과: attack (신뢰도: 0.5283)
2025-07-01 19:23:17,314 [INFO] 수집된 패킷 특징: [0, 6, 54, 0, 0, 0, 0, 0]
2025-07-01 19:23:19,372 [INFO] [✓] 예측 결과: normal (신뢰도: 0.96)
2025-07-01 19:23:19,420 [INFO] 수집된 패킷 특징: [0, 6, 167, 0, 0, 0, 0, 0]
2025-07-01 19:23:21,476 [INFO] [✓] 예측 결과: normal (신뢰도: 0.5067)
2025-07-01 19:23:21,478 [INFO] 수집된 패킷 특징: [0, 6, 2533, 0, 0, 0, 0, 0]
2025-07-01 19:23:23,535 [INFO] [✓] 예측 결과: normal (신뢰도: 0.82)
2025-07-01 19:23:23,537 [INFO] 수집된 패킷 특징: [0, 6, 60, 0, 0, 0, 0, 0]
2025-07-01 19:23:25,599 [INFO] [✓] 예측 결과: normal (신뢰도: 0.88)
2025-07-01 19:23:25,601 [INFO] 수집된 패킷 특징: [0, 6, 148, 0, 0, 0, 0, 0]
2025-07-01 19:23:27,664 [INFO] [✓] 예측 결과: attack (신뢰도: 0.5283)
2025-07-01 19:23:27,666 [INFO] 수집된 패킷 특징: [0, 6, 54, 0, 0, 0, 0, 0]
2025-07-01 19:23:29,723 [INFO] [✓] 예측 결과: normal (신뢰도: 0.96)
2025-07-01 19:23:29,801 [INFO] 수집된 패킷 특징: [0, 6, 167, 0, 0, 0, 0, 0]
2025-07-01 19:23:31,857 [INFO] [✓] 예측 결과: normal (신뢰도: 0.5067)
2025-07-01 19:23:31,858 [INFO] 수집된 패킷 특징: [0, 6, 2533, 0, 0, 0, 0, 0]
2025-07-01 19:23:33,920 [INFO] [✓] 예측 결과: normal (신뢰도: 0.82)
2025-07-01 19:23:33,921 [INFO] 수집된 패킷 특징: [0, 6, 60, 0, 0, 0, 0, 0]
2025-07-01 19:23:35,983 [INFO] [✓] 예측 결과: normal (신뢰도: 0.88)
2025-07-01 19:23:35,984 [INFO] 수집된 패킷 특징: [0, 6, 153, 0, 0, 0, 0, 0]
2025-07-01 19:23:38,046 [INFO] [✓] 예측 결과: attack (신뢰도: 0.5183)
2025-07-01 19:23:38,048 [INFO] 수집된 패킷 특징: [0, 6, 89, 0, 0, 0, 0, 0]
2025-07-01 19:23:40,108 [INFO] [✓] 예측 결과: normal (신뢰도: 0.504)
2025-07-01 19:23:40,140 [INFO] 수집된 패킷 특징: [0, 6, 54, 0, 0, 0, 0, 0]
2025-07-01 19:23:42,201 [INFO] [✓] 예측 결과: normal (신뢰도: 0.96)
2025-07-01 19:23:42,202 [INFO] 수집된 패킷 특징: [0, 6, 166, 0, 0, 0, 0, 0]
2025-07-01 19:23:44,261 [INFO] [✓] 예측 결과: attack (신뢰도: 0.5083)
2025-07-01 19:23:44,263 [INFO] 수집된 패킷 특징: [0, 6, 2533, 0, 0, 0, 0, 0]
2025-07-01 19:23:46,329 [INFO] [✓] 예측 결과: normal (신뢰도: 0.82)
2025-07-01 19:23:46,330 [INFO] 수집된 패킷 특징: [0, 6, 60, 0, 0, 0, 0, 0]
2025-07-01 19:23:48,391 [INFO] [✓] 예측 결과: normal (신뢰도: 0.88)
2025-07-01 19:23:48,393 [INFO] 수집된 패킷 특징: [0, 6, 60, 0, 0, 0, 0, 0]
2025-07-01 19:23:50,452 [INFO] [✓] 예측 결과: normal (신뢰도: 0.88)
2025-07-01 19:23:50,502 [INFO] 수집된 패킷 특징: [0, 6, 167, 0, 0, 0, 0, 0]
2025-07-01 19:23:52,558 [INFO] [✓] 예측 결과: normal (신뢰도: 0.5067)
2025-07-01 19:23:52,560 [INFO] 수집된 패킷 특징: [0, 6, 2533, 0, 0, 0, 0, 0]
2025-07-01 19:23:54,621 [INFO] [✓] 예측 결과: normal (신뢰도: 0.82)
2025-07-01 19:23:54,624 [INFO] 수집된 패킷 특징: [0, 6, 60, 0, 0, 0, 0, 0]
2025-07-01 19:23:56,677 [INFO] [✓] 예측 결과: normal (신뢰도: 0.88)
2025-07-01 19:23:56,678 [INFO] 수집된 패킷 특징: [0, 6, 148, 0, 0, 0, 0, 0]
2025-07-01 19:23:58,737 [INFO] [✓] 예측 결과: attack (신뢰도: 0.5283)
2025-07-01 19:23:58,738 [INFO] 수집된 패킷 특징: [0, 6, 54, 0, 0, 0, 0, 0]
2025-07-01 19:24:00,798 [INFO] [✓] 예측 결과: normal (신뢰도: 0.96)
2025-07-01 19:24:00,862 [INFO] 수집된 패킷 특징: [0, 6, 169, 0, 0, 0, 0, 0]
2025-07-01 19:24:02,920 [INFO] [✓] 예측 결과: attack (신뢰도: 0.5033)
2025-07-01 19:24:02,921 [INFO] 수집된 패킷 특징: [0, 6, 2533, 0, 0, 0, 0, 0]
2025-07-01 19:24:04,986 [INFO] [✓] 예측 결과: normal (신뢰도: 0.82)
2025-07-01 19:24:04,988 [INFO] 수집된 패킷 특징: [0, 6, 60, 0, 0, 0, 0, 0]
2025-07-01 19:24:07,052 [INFO] [✓] 예측 결과: normal (신뢰도: 0.88)
2025-07-01 19:24:07,054 [INFO] 수집된 패킷 특징: [0, 6, 89, 0, 0, 0, 0, 0]
2025-07-01 19:24:09,109 [INFO] [✓] 예측 결과: normal (신뢰도: 0.504)
2025-07-01 19:24:09,111 [INFO] 수집된 패킷 특징: [0, 6, 54, 0, 0, 0, 0, 0]
2025-07-01 19:24:11,171 [INFO] [✓] 예측 결과: normal (신뢰도: 0.96)
2025-07-01 19:24:11,220 [INFO] 수집된 패킷 특징: [0, 6, 168, 0, 0, 0, 0, 0]
2025-07-01 19:24:13,275 [INFO] [✓] 예측 결과: attack (신뢰도: 0.5033)
2025-07-01 19:24:13,277 [INFO] 수집된 패킷 특징: [0, 6, 2533, 0, 0, 0, 0, 0]
2025-07-01 19:24:15,338 [INFO] [✓] 예측 결과: normal (신뢰도: 0.82)
2025-07-01 19:24:15,341 [INFO] 수집된 패킷 특징: [0, 6, 60, 0, 0, 0, 0, 0]
2025-07-01 19:24:17,401 [INFO] [✓] 예측 결과: normal (신뢰도: 0.88)
2025-07-01 19:24:17,403 [INFO] 수집된 패킷 특징: [0, 6, 148, 0, 0, 0, 0, 0]
2025-07-01 19:24:19,463 [INFO] [✓] 예측 결과: attack (신뢰도: 0.5283)
2025-07-01 19:24:19,464 [INFO] 수집된 패킷 특징: [0, 6, 54, 0, 0, 0, 0, 0]
2025-07-01 19:24:21,522 [INFO] [✓] 예측 결과: normal (신뢰도: 0.96)
2025-07-01 19:24:21,569 [INFO] 수집된 패킷 특징: [0, 6, 1466, 0, 0, 0, 0, 0]
2025-07-01 19:24:23,628 [INFO] [✓] 예측 결과: normal (신뢰도: 0.84)
2025-07-01 19:24:23,631 [INFO] 수집된 패킷 특징: [0, 6, 167, 0, 0, 0, 0, 0]
2025-07-01 19:24:25,689 [INFO] [✓] 예측 결과: normal (신뢰도: 0.5067)
2025-07-01 19:24:25,691 [INFO] 수집된 패킷 특징: [0, 6, 2533, 0, 0, 0, 0, 0]
2025-07-01 19:24:27,750 [INFO] [✓] 예측 결과: normal (신뢰도: 0.82)
2025-07-01 19:24:27,752 [INFO] 수집된 패킷 특징: [0, 6, 60, 0, 0, 0, 0, 0]
2025-07-01 19:24:29,811 [INFO] [✓] 예측 결과: normal (신뢰도: 0.88)
2025-07-01 19:24:29,812 [INFO] 수집된 패킷 특징: [0, 6, 680, 0, 0, 0, 0, 0]
2025-07-01 19:24:31,872 [INFO] [✓] 예측 결과: normal (신뢰도: 0.83)
2025-07-01 19:24:31,920 [INFO] 수집된 패킷 특징: [0, 6, 167, 0, 0, 0, 0, 0]
2025-07-01 19:24:33,964 [INFO] [✓] 예측 결과: normal (신뢰도: 0.5067)
2025-07-01 19:24:33,965 [INFO] 수집된 패킷 특징: [0, 6, 2533, 0, 0, 0, 0, 0]
2025-07-01 19:24:36,028 [INFO] [✓] 예측 결과: normal (신뢰도: 0.82)
2025-07-01 19:24:36,029 [INFO] 수집된 패킷 특징: [0, 6, 60, 0, 0, 0, 0, 0]
2025-07-01 19:24:38,092 [INFO] [✓] 예측 결과: normal (신뢰도: 0.88)
2025-07-01 19:24:38,094 [INFO] 수집된 패킷 특징: [0, 6, 148, 0, 0, 0, 0, 0]
2025-07-01 19:24:40,155 [INFO] [✓] 예측 결과: attack (신뢰도: 0.5283)
2025-07-01 19:24:40,156 [INFO] 수집된 패킷 특징: [0, 6, 89, 0, 0, 0, 0, 0]
2025-07-01 19:24:42,214 [INFO] [✓] 예측 결과: normal (신뢰도: 0.504)
2025-07-01 19:24:42,263 [INFO] 수집된 패킷 특징: [0, 6, 167, 0, 0, 0, 0, 0]
2025-07-01 19:24:44,320 [INFO] [✓] 예측 결과: normal (신뢰도: 0.5067)
2025-07-01 19:24:44,322 [INFO] 수집된 패킷 특징: [0, 6, 2533, 0, 0, 0, 0, 0]
2025-07-01 19:24:46,381 [INFO] [✓] 예측 결과: normal (신뢰도: 0.82)
2025-07-01 19:24:46,382 [INFO] 수집된 패킷 특징: [0, 6, 66, 0, 0, 0, 0, 0]
2025-07-01 19:24:48,441 [INFO] [✓] 예측 결과: normal (신뢰도: 0.88)
2025-07-01 19:24:48,443 [INFO] 수집된 패킷 특징: [0, 6, 60, 0, 0, 0, 0, 0]
2025-07-01 19:24:50,501 [INFO] [✓] 예측 결과: normal (신뢰도: 0.88)
2025-07-01 19:24:50,502 [INFO] 수집된 패킷 특징: [0, 6, 153, 0, 0, 0, 0, 0]
2025-07-01 19:24:52,563 [INFO] [✓] 예측 결과: attack (신뢰도: 0.5183)
2025-07-01 19:24:52,612 [INFO] 수집된 패킷 특징: [0, 6, 167, 0, 0, 0, 0, 0]
2025-07-01 19:24:54,672 [INFO] [✓] 예측 결과: normal (신뢰도: 0.5067)
2025-07-01 19:24:54,674 [INFO] 수집된 패킷 특징: [0, 6, 2533, 0, 0, 0, 0, 0]
2025-07-01 19:24:56,734 [INFO] [✓] 예측 결과: normal (신뢰도: 0.82)
2025-07-01 19:24:56,736 [INFO] 수집된 패킷 특징: [0, 6, 60, 0, 0, 0, 0, 0]
2025-07-01 19:24:58,795 [INFO] [✓] 예측 결과: normal (신뢰도: 0.88)
2025-07-01 19:24:58,797 [INFO] 수집된 패킷 특징: [0, 6, 148, 0, 0, 0, 0, 0]
2025-07-01 19:25:00,856 [INFO] [✓] 예측 결과: attack (신뢰도: 0.5283)
2025-07-01 19:25:00,857 [INFO] 수집된 패킷 특징: [0, 6, 54, 0, 0, 0, 0, 0]
2025-07-01 19:25:02,914 [INFO] [✓] 예측 결과: normal (신뢰도: 0.96)
2025-07-01 19:25:02,977 [INFO] 수집된 패킷 특징: [0, 6, 167, 0, 0, 0, 0, 0]
2025-07-01 19:25:05,035 [INFO] [✓] 예측 결과: normal (신뢰도: 0.5067)
2025-07-01 19:25:05,036 [INFO] 수집된 패킷 특징: [0, 6, 2533, 0, 0, 0, 0, 0]
2025-07-01 19:25:07,096 [INFO] [✓] 예측 결과: normal (신뢰도: 0.82)
2025-07-01 19:25:07,098 [INFO] 수집된 패킷 특징: [0, 6, 60, 0, 0, 0, 0, 0]
2025-07-01 19:25:09,160 [INFO] [✓] 예측 결과: normal (신뢰도: 0.88)
2025-07-01 19:25:09,162 [INFO] 수집된 패킷 특징: [0, 6, 148, 0, 0, 0, 0, 0]
2025-07-01 19:25:11,218 [INFO] [✓] 예측 결과: attack (신뢰도: 0.5283)
2025-07-01 19:25:11,220 [INFO] 수집된 패킷 특징: [0, 6, 89, 0, 0, 0, 0, 0]
2025-07-01 19:25:13,278 [INFO] [✓] 예측 결과: normal (신뢰도: 0.504)
2025-07-01 19:25:13,326 [INFO] 수집된 패킷 특징: [0, 6, 167, 0, 0, 0, 0, 0]
2025-07-01 19:25:15,385 [INFO] [✓] 예측 결과: normal (신뢰도: 0.5067)
2025-07-01 19:25:15,387 [INFO] 수집된 패킷 특징: [0, 6, 2533, 0, 0, 0, 0, 0]
2025-07-01 19:25:17,447 [INFO] [✓] 예측 결과: normal (신뢰도: 0.82)
2025-07-01 19:25:17,449 [INFO] 수집된 패킷 특징: [0, 6, 60, 0, 0, 0, 0, 0]
2025-07-01 19:25:19,506 [INFO] [✓] 예측 결과: normal (신뢰도: 0.88)
2025-07-01 19:25:19,508 [INFO] 수집된 패킷 특징: [0, 6, 153, 0, 0, 0, 0, 0]
2025-07-01 19:25:21,566 [INFO] [✓] 예측 결과: attack (신뢰도: 0.5183)
2025-07-01 19:25:21,567 [INFO] 수집된 패킷 특징: [0, 6, 54, 0, 0, 0, 0, 0]
2025-07-01 19:25:23,627 [INFO] [✓] 예측 결과: normal (신뢰도: 0.96)
2025-07-01 19:25:23,691 [INFO] 수집된 패킷 특징: [0, 6, 167, 0, 0, 0, 0, 0]
2025-07-01 19:25:25,750 [INFO] [✓] 예측 결과: normal (신뢰도: 0.5067)
2025-07-01 19:25:25,752 [INFO] 수집된 패킷 특징: [0, 6, 2533, 0, 0, 0, 0, 0]
2025-07-01 19:25:27,812 [INFO] [✓] 예측 결과: normal (신뢰도: 0.82)
2025-07-01 19:25:27,814 [INFO] 수집된 패킷 특징: [0, 6, 60, 0, 0, 0, 0, 0]
2025-07-01 19:25:29,875 [INFO] [✓] 예측 결과: normal (신뢰도: 0.88)
2025-07-01 19:25:29,877 [INFO] 수집된 패킷 특징: [0, 6, 148, 0, 0, 0, 0, 0]
2025-07-01 19:25:31,937 [INFO] [✓] 예측 결과: attack (신뢰도: 0.5283)
2025-07-01 19:25:31,938 [INFO] 수집된 패킷 특징: [0, 6, 54, 0, 0, 0, 0, 0]
2025-07-01 19:25:33,999 [INFO] [✓] 예측 결과: normal (신뢰도: 0.96)
2025-07-01 19:25:34,048 [INFO] 수집된 패킷 특징: [0, 6, 167, 0, 0, 0, 0, 0]
2025-07-01 19:25:36,111 [INFO] [✓] 예측 결과: normal (신뢰도: 0.5067)
2025-07-01 19:25:36,113 [INFO] 수집된 패킷 특징: [0, 6, 2533, 0, 0, 0, 0, 0]
2025-07-01 19:25:38,173 [INFO] [✓] 예측 결과: normal (신뢰도: 0.82)
2025-07-01 19:25:38,174 [INFO] 수집된 패킷 특징: [0, 6, 60, 0, 0, 0, 0, 0]
2025-07-01 19:25:40,232 [INFO] [✓] 예측 결과: normal (신뢰도: 0.88)
2025-07-01 19:25:40,234 [INFO] 수집된 패킷 특징: [0, 6, 148, 0, 0, 0, 0, 0]
2025-07-01 19:25:42,292 [INFO] [✓] 예측 결과: attack (신뢰도: 0.5283)
2025-07-01 19:25:42,294 [INFO] 수집된 패킷 특징: [0, 6, 89, 0, 0, 0, 0, 0]
2025-07-01 19:25:44,361 [INFO] [✓] 예측 결과: normal (신뢰도: 0.504)
2025-07-01 19:25:45,169 [INFO] 수집된 패킷 특징: [0, 6, 164, 0, 0, 0, 0, 0]
2025-07-01 19:25:47,236 [INFO] [✓] 예측 결과: attack (신뢰도: 0.5183)
2025-07-01 19:25:47,238 [INFO] 수집된 패킷 특징: [0, 6, 164, 0, 0, 0, 0, 0]
2025-07-01 19:25:49,296 [INFO] [✓] 예측 결과: attack (신뢰도: 0.5183)
2025-07-01 19:25:49,298 [INFO] 수집된 패킷 특징: [0, 6, 54, 0, 0, 0, 0, 0]
2025-07-01 19:25:51,355 [INFO] [✓] 예측 결과: normal (신뢰도: 0.96)
2025-07-01 19:25:51,359 [INFO] 수집된 패킷 특징: [0, 6, 167, 0, 0, 0, 0, 0]
2025-07-01 19:25:53,418 [INFO] [✓] 예측 결과: normal (신뢰도: 0.5067)
2025-07-01 19:25:53,419 [INFO] 수집된 패킷 특징: [0, 6, 2533, 0, 0, 0, 0, 0]
2025-07-01 19:25:55,483 [INFO] [✓] 예측 결과: normal (신뢰도: 0.82)
2025-07-01 19:25:55,547 [INFO] 수집된 패킷 특징: [0, 6, 168, 0, 0, 0, 0, 0]
2025-07-01 19:25:57,609 [INFO] [✓] 예측 결과: attack (신뢰도: 0.5033)
2025-07-01 19:25:57,611 [INFO] 수집된 패킷 특징: [0, 6, 2533, 0, 0, 0, 0, 0]
2025-07-01 19:25:59,673 [INFO] [✓] 예측 결과: normal (신뢰도: 0.82)
2025-07-01 19:25:59,675 [INFO] 수집된 패킷 특징: [0, 6, 60, 0, 0, 0, 0, 0]
2025-07-01 19:26:01,733 [INFO] [✓] 예측 결과: normal (신뢰도: 0.88)
2025-07-01 19:26:01,735 [INFO] 수집된 패킷 특징: [0, 6, 148, 0, 0, 0, 0, 0]
2025-07-01 19:26:03,794 [INFO] [✓] 예측 결과: attack (신뢰도: 0.5283)
2025-07-01 19:26:03,795 [INFO] 수집된 패킷 특징: [0, 6, 54, 0, 0, 0, 0, 0]
2025-07-01 19:26:05,861 [INFO] [✓] 예측 결과: normal (신뢰도: 0.96)
2025-07-01 19:26:05,907 [INFO] 수집된 패킷 특징: [0, 6, 169, 0, 0, 0, 0, 0]
2025-07-01 19:26:07,971 [INFO] [✓] 예측 결과: attack (신뢰도: 0.5033)
2025-07-01 19:26:07,973 [INFO] 수집된 패킷 특징: [0, 6, 2533, 0, 0, 0, 0, 0]
2025-07-01 19:26:10,033 [INFO] [✓] 예측 결과: normal (신뢰도: 0.82)
2025-07-01 19:26:10,035 [INFO] 수집된 패킷 특징: [0, 6, 60, 0, 0, 0, 0, 0]
2025-07-01 19:26:12,095 [INFO] [✓] 예측 결과: normal (신뢰도: 0.88)
2025-07-01 19:26:12,096 [INFO] 수집된 패킷 특징: [0, 6, 148, 0, 0, 0, 0, 0]
2025-07-01 19:26:14,157 [INFO] [✓] 예측 결과: attack (신뢰도: 0.5283)
2025-07-01 19:26:14,159 [INFO] 수집된 패킷 특징: [0, 6, 89, 0, 0, 0, 0, 0]
2025-07-01 19:26:16,223 [INFO] [✓] 예측 결과: normal (신뢰도: 0.504)
2025-07-01 19:26:16,285 [INFO] 수집된 패킷 특징: [0, 6, 167, 0, 0, 0, 0, 0]
2025-07-01 19:26:18,343 [INFO] [✓] 예측 결과: normal (신뢰도: 0.5067)
2025-07-01 19:26:18,345 [INFO] 수집된 패킷 특징: [0, 6, 2533, 0, 0, 0, 0, 0]
2025-07-01 19:26:20,402 [INFO] [✓] 예측 결과: normal (신뢰도: 0.82)
2025-07-01 19:26:20,405 [INFO] 수집된 패킷 특징: [0, 6, 60, 0, 0, 0, 0, 0]
2025-07-01 19:26:22,462 [INFO] [✓] 예측 결과: normal (신뢰도: 0.88)
2025-07-01 19:26:22,464 [INFO] 수집된 패킷 특징: [0, 6, 148, 0, 0, 0, 0, 0]
2025-07-01 19:26:24,529 [INFO] [✓] 예측 결과: attack (신뢰도: 0.5283)
2025-07-01 19:26:24,531 [INFO] 수집된 패킷 특징: [0, 6, 54, 0, 0, 0, 0, 0]
2025-07-01 19:26:26,607 [INFO] [✓] 예측 결과: normal (신뢰도: 0.96)
2025-07-01 19:26:26,659 [INFO] 수집된 패킷 특징: [0, 6, 167, 0, 0, 0, 0, 0]
2025-07-01 19:26:28,721 [INFO] [✓] 예측 결과: normal (신뢰도: 0.5067)
2025-07-01 19:26:28,723 [INFO] 수집된 패킷 특징: [0, 6, 2533, 0, 0, 0, 0, 0]
2025-07-01 19:26:30,780 [INFO] [✓] 예측 결과: normal (신뢰도: 0.82)
2025-07-01 19:26:30,782 [INFO] 수집된 패킷 특징: [0, 6, 60, 0, 0, 0, 0, 0]
2025-07-01 19:26:32,845 [INFO] [✓] 예측 결과: normal (신뢰도: 0.88)
2025-07-01 19:26:32,847 [INFO] 수집된 패킷 특징: [0, 6, 148, 0, 0, 0, 0, 0]
2025-07-01 19:26:34,906 [INFO] [✓] 예측 결과: attack (신뢰도: 0.5283)
2025-07-01 19:26:34,908 [INFO] 수집된 패킷 특징: [0, 6, 54, 0, 0, 0, 0, 0]
2025-07-01 19:26:36,971 [INFO] [✓] 예측 결과: normal (신뢰도: 0.96)
2025-07-01 19:26:37,035 [INFO] 수집된 패킷 특징: [0, 6, 167, 0, 0, 0, 0, 0]
2025-07-01 19:26:39,094 [INFO] [✓] 예측 결과: normal (신뢰도: 0.5067)
2025-07-01 19:26:39,096 [INFO] 수집된 패킷 특징: [0, 6, 2533, 0, 0, 0, 0, 0]
2025-07-01 19:26:41,154 [INFO] [✓] 예측 결과: normal (신뢰도: 0.82)
2025-07-01 19:26:41,155 [INFO] 수집된 패킷 특징: [0, 6, 60, 0, 0, 0, 0, 0]
2025-07-01 19:26:43,213 [INFO] [✓] 예측 결과: normal (신뢰도: 0.88)
2025-07-01 19:26:43,215 [INFO] 수집된 패킷 특징: [0, 6, 148, 0, 0, 0, 0, 0]
2025-07-01 19:26:45,294 [INFO] [✓] 예측 결과: attack (신뢰도: 0.5283)
2025-07-01 19:26:45,296 [INFO] 수집된 패킷 특징: [0, 6, 89, 0, 0, 0, 0, 0]
2025-07-01 19:26:47,357 [INFO] [✓] 예측 결과: normal (신뢰도: 0.504)
2025-07-01 19:26:47,420 [INFO] 수집된 패킷 특징: [0, 6, 167, 0, 0, 0, 0, 0]
2025-07-01 19:26:49,478 [INFO] [✓] 예측 결과: normal (신뢰도: 0.5067)
2025-07-01 19:26:49,480 [INFO] 수집된 패킷 특징: [0, 6, 2533, 0, 0, 0, 0, 0]
2025-07-01 19:26:51,540 [INFO] [✓] 예측 결과: normal (신뢰도: 0.82)
2025-07-01 19:26:51,542 [INFO] 수집된 패킷 특징: [0, 6, 60, 0, 0, 0, 0, 0]
2025-07-01 19:26:53,600 [INFO] [✓] 예측 결과: normal (신뢰도: 0.88)
2025-07-01 19:26:53,602 [INFO] 수집된 패킷 특징: [0, 6, 148, 0, 0, 0, 0, 0]
2025-07-01 19:26:55,653 [INFO] [✓] 예측 결과: attack (신뢰도: 0.5283)
2025-07-01 19:26:55,654 [INFO] 수집된 패킷 특징: [0, 6, 54, 0, 0, 0, 0, 0]
2025-07-01 19:27:03,179 [INFO] 수집된 패킷 특징: [0, 6, 138, 0, 0, 0, 0, 0]
2025-07-01 19:27:05,251 [INFO] 수집된 패킷 특징: [0, 6, 164, 0, 0, 0, 0, 0]
2025-07-01 19:27:09,702 [INFO] 수집된 패킷 특징: [0, 17, 90, 0, 0, 0, 0, 0]
2025-07-01 19:27:15,175 [INFO] 수집된 패킷 특징: [0, 6, 138, 0, 0, 0, 0, 0]
2025-07-01 19:27:17,239 [INFO] [✓] 예측 결과: attack (신뢰도: 0.5383)
2025-07-01 19:27:17,240 [INFO] 수집된 패킷 특징: [0, 6, 148, 0, 0, 0, 0, 0]
2025-07-01 19:27:19,298 [INFO] [✓] 예측 결과: attack (신뢰도: 0.5283)
2025-07-01 19:27:19,300 [INFO] 수집된 패킷 특징: [0, 6, 60, 0, 0, 0, 0, 0]
2025-07-01 19:27:21,357 [INFO] [✓] 예측 결과: normal (신뢰도: 0.88)
2025-07-01 19:27:21,359 [INFO] 수집된 패킷 특징: [0, 6, 60, 0, 0, 0, 0, 0]
2025-07-01 19:27:48,423 [INFO] 🔍 자동 인터페이스 탐색 중...
2025-07-01 19:27:56,952 [WARNING] ⚠ 자동 감지 실패. 수동 선택으로 전환.
2025-07-01 19:28:13,265 [INFO] 🟢 패킷 수집 시작 (인터페이스: \Device\NPF_{1F54DC15-8C4F-43B6-ACC6-5EBD82F6E5F8})
2025-07-01 19:28:13,486 [INFO] 수집된 패킷 특징: [0, 17, 90, 0, 0, 0, 0, 0]
2025-07-01 19:28:15,556 [INFO] [✓] 예측 결과: normal (신뢰도: 0.504)
2025-07-01 19:28:15,559 [INFO] 수집된 패킷 특징: [0, 17, 90, 0, 0, 0, 0, 0]
2025-07-01 19:28:17,623 [INFO] [✓] 예측 결과: normal (신뢰도: 0.504)
2025-07-01 19:28:17,625 [INFO] 수집된 패킷 특징: [0, 6, 138, 0, 0, 0, 0, 0]
2025-07-01 19:28:19,683 [INFO] [✓] 예측 결과: attack (신뢰도: 0.5383)
2025-07-01 19:28:19,685 [INFO] 수집된 패킷 특징: [0, 6, 148, 0, 0, 0, 0, 0]
2025-07-01 19:28:21,742 [INFO] [✓] 예측 결과: attack (신뢰도: 0.5283)
2025-07-01 19:28:21,744 [INFO] 수집된 패킷 특징: [0, 6, 60, 0, 0, 0, 0, 0]
2025-07-01 19:28:23,801 [INFO] [✓] 예측 결과: normal (신뢰도: 0.88)
2025-07-01 19:28:23,850 [INFO] 수집된 패킷 특징: [0, 6, 167, 0, 0, 0, 0, 0]
2025-07-01 19:28:25,911 [INFO] [✓] 예측 결과: normal (신뢰도: 0.5067)
2025-07-01 19:28:25,913 [INFO] 수집된 패킷 특징: [0, 6, 2533, 0, 0, 0, 0, 0]
2025-07-01 19:28:27,975 [INFO] [✓] 예측 결과: normal (신뢰도: 0.82)
2025-07-01 19:28:27,977 [INFO] 수집된 패킷 특징: [0, 6, 60, 0, 0, 0, 0, 0]
2025-07-01 19:28:30,036 [INFO] [✓] 예측 결과: normal (신뢰도: 0.88)
2025-07-01 19:28:30,038 [INFO] 수집된 패킷 특징: [0, 6, 148, 0, 0, 0, 0, 0]
2025-07-01 19:28:32,098 [INFO] [✓] 예측 결과: attack (신뢰도: 0.5283)
2025-07-01 19:28:32,099 [INFO] 수집된 패킷 특징: [0, 6, 89, 0, 0, 0, 0, 0]
2025-07-01 19:28:34,156 [INFO] [✓] 예측 결과: normal (신뢰도: 0.504)
2025-07-01 19:28:34,175 [INFO] 수집된 패킷 특징: [0, 6, 138, 0, 0, 0, 0, 0]
2025-07-01 19:28:36,236 [INFO] [✓] 예측 결과: attack (신뢰도: 0.5383)
2025-07-01 19:28:36,238 [INFO] 수집된 패킷 특징: [0, 6, 148, 0, 0, 0, 0, 0]
2025-07-01 19:28:38,293 [INFO] [✓] 예측 결과: attack (신뢰도: 0.5283)
2025-07-01 19:28:38,295 [INFO] 수집된 패킷 특징: [0, 6, 60, 0, 0, 0, 0, 0]
2025-07-01 19:28:40,357 [INFO] [✓] 예측 결과: normal (신뢰도: 0.88)
2025-07-01 19:28:40,359 [INFO] 수집된 패킷 특징: [0, 6, 102, 0, 0, 0, 0, 0]
2025-07-01 19:28:42,418 [INFO] [✓] 예측 결과: attack (신뢰도: 0.5227)
2025-07-01 19:28:42,420 [INFO] 수집된 패킷 특징: [0, 6, 1204, 0, 0, 0, 0, 0]
2025-07-01 19:28:44,482 [INFO] [✓] 예측 결과: normal (신뢰도: 0.83)
2025-07-01 19:28:44,531 [INFO] 수집된 패킷 특징: [0, 6, 167, 0, 0, 0, 0, 0]
2025-07-01 19:28:46,591 [INFO] [✓] 예측 결과: normal (신뢰도: 0.5067)
2025-07-01 19:28:46,593 [INFO] 수집된 패킷 특징: [0, 6, 2533, 0, 0, 0, 0, 0]
2025-07-01 19:28:48,655 [INFO] [✓] 예측 결과: normal (신뢰도: 0.82)
2025-07-01 19:28:48,657 [INFO] 수집된 패킷 특징: [0, 6, 60, 0, 0, 0, 0, 0]
2025-07-01 19:28:50,713 [INFO] [✓] 예측 결과: normal (신뢰도: 0.88)
2025-07-01 19:28:50,715 [INFO] 수집된 패킷 특징: [0, 6, 153, 0, 0, 0, 0, 0]
2025-07-01 19:28:52,776 [INFO] [✓] 예측 결과: attack (신뢰도: 0.5183)
2025-07-01 19:28:52,778 [INFO] 수집된 패킷 특징: [0, 6, 54, 0, 0, 0, 0, 0]
2025-07-01 19:28:54,853 [INFO] [✓] 예측 결과: normal (신뢰도: 0.96)
2025-07-01 19:28:54,903 [INFO] 수집된 패킷 특징: [0, 6, 167, 0, 0, 0, 0, 0]
2025-07-01 19:28:56,967 [INFO] [✓] 예측 결과: normal (신뢰도: 0.5067)
2025-07-01 19:28:56,968 [INFO] 수집된 패킷 특징: [0, 6, 2533, 0, 0, 0, 0, 0]
2025-07-01 19:28:59,030 [INFO] [✓] 예측 결과: normal (신뢰도: 0.82)
2025-07-01 19:28:59,032 [INFO] 수집된 패킷 특징: [0, 6, 60, 0, 0, 0, 0, 0]
2025-07-01 19:29:01,092 [INFO] [✓] 예측 결과: normal (신뢰도: 0.88)
2025-07-01 19:29:01,094 [INFO] 수집된 패킷 특징: [0, 6, 150, 0, 0, 0, 0, 0]
2025-07-01 19:29:03,155 [INFO] [✓] 예측 결과: attack (신뢰도: 0.5283)
2025-07-01 19:29:03,157 [INFO] 수집된 패킷 특징: [0, 6, 89, 0, 0, 0, 0, 0]
2025-07-01 19:29:05,217 [INFO] [✓] 예측 결과: normal (신뢰도: 0.504)
2025-07-01 19:29:05,266 [INFO] 수집된 패킷 특징: [0, 6, 195, 0, 0, 0, 0, 0]
2025-07-01 19:29:07,327 [INFO] [✓] 예측 결과: normal (신뢰도: 0.5067)
2025-07-01 19:29:07,329 [INFO] 수집된 패킷 특징: [0, 6, 2533, 0, 0, 0, 0, 0]
2025-07-01 19:29:09,391 [INFO] [✓] 예측 결과: normal (신뢰도: 0.82)
2025-07-01 19:29:09,392 [INFO] 수집된 패킷 특징: [0, 6, 164, 0, 0, 0, 0, 0]
2025-07-01 19:29:11,453 [INFO] [✓] 예측 결과: attack (신뢰도: 0.5183)
2025-07-01 19:29:11,454 [INFO] 수집된 패킷 특징: [0, 6, 164, 0, 0, 0, 0, 0]
2025-07-01 19:29:13,512 [INFO] [✓] 예측 결과: attack (신뢰도: 0.5183)
2025-07-01 19:29:13,514 [INFO] 수집된 패킷 특징: [0, 6, 54, 0, 0, 0, 0, 0]
2025-07-01 19:29:15,573 [INFO] [✓] 예측 결과: normal (신뢰도: 0.96)
2025-07-01 19:29:15,624 [INFO] 수집된 패킷 특징: [0, 6, 168, 0, 0, 0, 0, 0]
2025-07-01 19:29:17,686 [INFO] [✓] 예측 결과: attack (신뢰도: 0.5033)
2025-07-01 19:29:17,688 [INFO] 수집된 패킷 특징: [0, 6, 2533, 0, 0, 0, 0, 0]
2025-07-01 19:29:19,745 [INFO] [✓] 예측 결과: normal (신뢰도: 0.82)
2025-07-01 19:29:19,746 [INFO] 수집된 패킷 특징: [0, 6, 60, 0, 0, 0, 0, 0]
2025-07-01 19:29:21,803 [INFO] [✓] 예측 결과: normal (신뢰도: 0.88)
2025-07-01 19:29:21,805 [INFO] 수집된 패킷 특징: [0, 6, 159, 0, 0, 0, 0, 0]
2025-07-01 19:29:23,865 [INFO] [✓] 예측 결과: attack (신뢰도: 0.5183)
2025-07-01 19:29:23,867 [INFO] 수집된 패킷 특징: [0, 6, 54, 0, 0, 0, 0, 0]
2025-07-01 19:29:25,925 [INFO] [✓] 예측 결과: normal (신뢰도: 0.96)
2025-07-01 19:29:25,974 [INFO] 수집된 패킷 특징: [0, 6, 167, 0, 0, 0, 0, 0]
2025-07-01 19:29:28,034 [INFO] [✓] 예측 결과: normal (신뢰도: 0.5067)
2025-07-01 19:29:28,036 [INFO] 수집된 패킷 특징: [0, 6, 2533, 0, 0, 0, 0, 0]
2025-07-01 19:29:30,095 [INFO] [✓] 예측 결과: normal (신뢰도: 0.82)
2025-07-01 19:29:30,096 [INFO] 수집된 패킷 특징: [0, 6, 60, 0, 0, 0, 0, 0]
2025-07-01 19:29:32,154 [INFO] [✓] 예측 결과: normal (신뢰도: 0.88)
2025-07-01 19:29:32,156 [INFO] 수집된 패킷 특징: [0, 6, 196, 0, 0, 0, 0, 0]
2025-07-01 19:29:34,215 [INFO] [✓] 예측 결과: normal (신뢰도: 0.5067)
2025-07-01 19:29:34,216 [INFO] 수집된 패킷 특징: [0, 6, 89, 0, 0, 0, 0, 0]
2025-07-01 19:29:36,278 [INFO] [✓] 예측 결과: normal (신뢰도: 0.504)
2025-07-01 19:29:36,357 [INFO] 수집된 패킷 특징: [0, 6, 167, 0, 0, 0, 0, 0]
2025-07-01 19:29:38,405 [INFO] [✓] 예측 결과: normal (신뢰도: 0.5067)
2025-07-01 19:29:38,407 [INFO] 수집된 패킷 특징: [0, 6, 7433, 0, 0, 0, 0, 0]
2025-07-01 19:29:40,533 [INFO] 수집된 패킷 특징: [0, 6, 167, 0, 0, 0, 0, 0]
2025-07-01 19:29:42,596 [INFO] [✓] 예측 결과: normal (신뢰도: 0.5067)
2025-07-01 19:29:42,598 [INFO] 수집된 패킷 특징: [0, 6, 2533, 0, 0, 0, 0, 0]
2025-07-01 19:29:44,719 [INFO] 수집된 패킷 특징: [0, 6, 167, 0, 0, 0, 0, 0]
2025-07-01 19:29:46,766 [INFO] 🛑 수집 종료됨
2025-07-01 19:29:55,512 [INFO] 🔍 자동 인터페이스 탐색 중...
2025-07-01 19:30:11,528 [WARNING] ⚠ 자동 감지 실패. 수동 선택으로 전환.
2025-07-01 19:30:17,744 [INFO] 🟢 패킷 수집 시작 (인터페이스: \Device\NPF_{1F54DC15-8C4F-43B6-ACC6-5EBD82F6E5F8})
2025-07-01 19:30:20,375 [INFO] 수집된 패킷 특징: [0, 6, 164, 0, 0, 0, 0, 0]
2025-07-01 19:30:22,441 [INFO] [✓] 예측 결과: attack (신뢰도: 0.5183)
2025-07-01 19:30:22,442 [INFO] 수집된 패킷 특징: [0, 6, 164, 0, 0, 0, 0, 0]
2025-07-01 19:30:24,501 [INFO] [✓] 예측 결과: attack (신뢰도: 0.5183)
2025-07-01 19:30:24,502 [INFO] 수집된 패킷 특징: [0, 6, 54, 0, 0, 0, 0, 0]
2025-07-01 19:30:26,566 [INFO] [✓] 예측 결과: normal (신뢰도: 0.96)
2025-07-01 19:30:26,569 [INFO] 수집된 패킷 특징: [0, 17, 90, 0, 0, 0, 0, 0]
2025-07-01 19:30:28,628 [INFO] [✓] 예측 결과: normal (신뢰도: 0.504)
2025-07-01 19:30:28,691 [INFO] 수집된 패킷 특징: [0, 6, 167, 0, 0, 0, 0, 0]
2025-07-01 19:30:30,748 [INFO] [✓] 예측 결과: normal (신뢰도: 0.5067)
2025-07-01 19:30:30,751 [INFO] 수집된 패킷 특징: [0, 6, 2533, 0, 0, 0, 0, 0]
2025-07-01 19:30:32,809 [INFO] [✓] 예측 결과: normal (신뢰도: 0.82)
2025-07-01 19:30:32,810 [INFO] 수집된 패킷 특징: [0, 6, 60, 0, 0, 0, 0, 0]
2025-07-01 19:30:34,870 [INFO] [✓] 예측 결과: normal (신뢰도: 0.88)
2025-07-01 19:30:34,872 [INFO] 수집된 패킷 특징: [0, 6, 148, 0, 0, 0, 0, 0]
2025-07-01 19:30:36,938 [INFO] [✓] 예측 결과: attack (신뢰도: 0.5283)
2025-07-01 19:30:36,939 [INFO] 수집된 패킷 특징: [0, 6, 54, 0, 0, 0, 0, 0]
2025-07-01 19:30:39,001 [INFO] [✓] 예측 결과: normal (신뢰도: 0.96)
2025-07-01 19:30:39,039 [INFO] 수집된 패킷 특징: [0, 6, 60, 0, 0, 0, 0, 0]
2025-07-01 19:30:41,090 [INFO] [✓] 예측 결과: normal (신뢰도: 0.88)
2025-07-01 19:30:41,093 [INFO] 수집된 패킷 특징: [0, 6, 162, 0, 0, 0, 0, 0]
2025-07-01 19:30:43,151 [INFO] [✓] 예측 결과: attack (신뢰도: 0.5183)
2025-07-01 19:30:43,153 [INFO] 수집된 패킷 특징: [0, 6, 54, 0, 0, 0, 0, 0]
2025-07-01 19:30:45,213 [INFO] [✓] 예측 결과: normal (신뢰도: 0.96)
2025-07-01 19:30:45,214 [INFO] 수집된 패킷 특징: [0, 6, 167, 0, 0, 0, 0, 0]
2025-07-01 19:30:47,277 [INFO] [✓] 예측 결과: normal (신뢰도: 0.5067)
2025-07-01 19:30:47,279 [INFO] 수집된 패킷 특징: [0, 6, 2533, 0, 0, 0, 0, 0]
2025-07-01 19:30:49,342 [INFO] [✓] 예측 결과: normal (신뢰도: 0.82)
2025-07-01 19:30:49,390 [INFO] 수집된 패킷 특징: [0, 6, 167, 0, 0, 0, 0, 0]
2025-07-01 19:30:51,447 [INFO] [✓] 예측 결과: normal (신뢰도: 0.5067)
2025-07-01 19:30:51,449 [INFO] 수집된 패킷 특징: [0, 6, 2533, 0, 0, 0, 0, 0]
2025-07-01 19:30:53,511 [INFO] [✓] 예측 결과: normal (신뢰도: 0.82)
2025-07-01 19:30:53,513 [INFO] 수집된 패킷 특징: [0, 6, 60, 0, 0, 0, 0, 0]
2025-07-01 19:30:55,574 [INFO] [✓] 예측 결과: normal (신뢰도: 0.88)
2025-07-01 19:30:55,575 [INFO] 수집된 패킷 특징: [0, 6, 148, 0, 0, 0, 0, 0]
2025-07-01 19:30:57,640 [INFO] [✓] 예측 결과: attack (신뢰도: 0.5283)
2025-07-01 19:30:57,642 [INFO] 수집된 패킷 특징: [0, 6, 89, 0, 0, 0, 0, 0]
2025-07-01 19:30:59,701 [INFO] [✓] 예측 결과: normal (신뢰도: 0.504)
2025-07-01 19:30:59,749 [INFO] 수집된 패킷 특징: [0, 6, 167, 0, 0, 0, 0, 0]
2025-07-01 19:31:01,805 [INFO] [✓] 예측 결과: normal (신뢰도: 0.5067)
2025-07-01 19:31:01,807 [INFO] 수집된 패킷 특징: [0, 6, 2533, 0, 0, 0, 0, 0]
2025-07-01 19:31:03,865 [INFO] [✓] 예측 결과: normal (신뢰도: 0.82)
2025-07-01 19:31:03,867 [INFO] 수집된 패킷 특징: [0, 6, 55, 0, 0, 0, 0, 0]
2025-07-01 19:31:05,928 [INFO] [✓] 예측 결과: normal (신뢰도: 0.95)
2025-07-01 19:31:05,929 [INFO] 수집된 패킷 특징: [0, 6, 60, 0, 0, 0, 0, 0]
2025-07-01 19:31:07,994 [INFO] [✓] 예측 결과: normal (신뢰도: 0.88)
2025-07-01 19:31:07,996 [INFO] 수집된 패킷 특징: [0, 6, 153, 0, 0, 0, 0, 0]
2025-07-01 19:31:10,054 [INFO] [✓] 예측 결과: attack (신뢰도: 0.5183)
2025-07-01 19:31:10,102 [INFO] 수집된 패킷 특징: [0, 6, 166, 0, 0, 0, 0, 0]
2025-07-01 19:31:12,161 [INFO] [✓] 예측 결과: attack (신뢰도: 0.5083)
2025-07-01 19:31:12,163 [INFO] 수집된 패킷 특징: [0, 6, 2533, 0, 0, 0, 0, 0]
2025-07-01 19:31:14,224 [INFO] [✓] 예측 결과: normal (신뢰도: 0.82)
2025-07-01 19:31:14,226 [INFO] 수집된 패킷 특징: [0, 6, 60, 0, 0, 0, 0, 0]
2025-07-01 19:31:16,288 [INFO] [✓] 예측 결과: normal (신뢰도: 0.88)
2025-07-01 19:31:16,290 [INFO] 수집된 패킷 특징: [0, 6, 148, 0, 0, 0, 0, 0]
2025-07-01 19:31:18,353 [INFO] [✓] 예측 결과: attack (신뢰도: 0.5283)
2025-07-01 19:31:18,354 [INFO] 수집된 패킷 특징: [0, 6, 54, 0, 0, 0, 0, 0]
2025-07-01 19:31:20,414 [INFO] [✓] 예측 결과: normal (신뢰도: 0.96)
2025-07-01 19:31:20,446 [INFO] 수집된 패킷 특징: [0, 6, 54, 0, 0, 0, 0, 0]
2025-07-01 19:31:22,505 [INFO] [✓] 예측 결과: normal (신뢰도: 0.96)
2025-07-01 19:31:22,507 [INFO] 수집된 패킷 특징: [0, 6, 167, 0, 0, 0, 0, 0]
2025-07-01 19:31:24,568 [INFO] [✓] 예측 결과: normal (신뢰도: 0.5067)
2025-07-01 19:31:24,570 [INFO] 수집된 패킷 특징: [0, 6, 2533, 0, 0, 0, 0, 0]
2025-07-01 19:31:26,634 [INFO] [✓] 예측 결과: normal (신뢰도: 0.82)
2025-07-01 19:31:26,635 [INFO] 수집된 패킷 특징: [0, 6, 60, 0, 0, 0, 0, 0]
2025-07-01 19:31:28,699 [INFO] [✓] 예측 결과: normal (신뢰도: 0.88)
2025-07-01 19:31:28,701 [INFO] 수집된 패킷 특징: [0, 6, 153, 0, 0, 0, 0, 0]
2025-07-01 19:31:30,757 [INFO] [✓] 예측 결과: attack (신뢰도: 0.5183)
2025-07-01 19:31:30,821 [INFO] 수집된 패킷 특징: [0, 6, 168, 0, 0, 0, 0, 0]
2025-07-01 19:31:32,878 [INFO] [✓] 예측 결과: attack (신뢰도: 0.5033)
2025-07-01 19:31:32,880 [INFO] 수집된 패킷 특징: [0, 6, 2533, 0, 0, 0, 0, 0]
2025-07-01 19:31:34,941 [INFO] [✓] 예측 결과: normal (신뢰도: 0.82)
2025-07-01 19:31:34,943 [INFO] 수집된 패킷 특징: [0, 6, 60, 0, 0, 0, 0, 0]
2025-07-01 19:31:37,008 [INFO] [✓] 예측 결과: normal (신뢰도: 0.88)
2025-07-01 19:31:37,010 [INFO] 수집된 패킷 특징: [0, 6, 153, 0, 0, 0, 0, 0]
2025-07-01 19:31:39,070 [INFO] [✓] 예측 결과: attack (신뢰도: 0.5183)
2025-07-01 19:31:39,072 [INFO] 수집된 패킷 특징: [0, 6, 54, 0, 0, 0, 0, 0]
2025-07-01 19:31:41,132 [INFO] [✓] 예측 결과: normal (신뢰도: 0.96)
2025-07-01 19:31:41,180 [INFO] 수집된 패킷 특징: [0, 6, 169, 0, 0, 0, 0, 0]
2025-07-01 19:31:43,240 [INFO] [✓] 예측 결과: attack (신뢰도: 0.5033)
2025-07-01 19:31:43,243 [INFO] 수집된 패킷 특징: [0, 6, 2533, 0, 0, 0, 0, 0]
2025-07-01 19:31:45,313 [INFO] [✓] 예측 결과: normal (신뢰도: 0.82)
2025-07-01 19:31:45,315 [INFO] 수집된 패킷 특징: [0, 6, 60, 0, 0, 0, 0, 0]
2025-07-01 19:31:47,379 [INFO] [✓] 예측 결과: normal (신뢰도: 0.88)
2025-07-01 19:31:47,381 [INFO] 수집된 패킷 특징: [0, 6, 148, 0, 0, 0, 0, 0]
2025-07-01 19:31:49,442 [INFO] [✓] 예측 결과: attack (신뢰도: 0.5283)
2025-07-01 19:31:49,444 [INFO] 수집된 패킷 특징: [0, 6, 54, 0, 0, 0, 0, 0]
2025-07-01 19:31:51,500 [INFO] [✓] 예측 결과: normal (신뢰도: 0.96)
2025-07-01 19:31:51,563 [INFO] 수집된 패킷 특징: [0, 6, 167, 0, 0, 0, 0, 0]
2025-07-01 19:31:53,618 [INFO] [✓] 예측 결과: normal (신뢰도: 0.5067)
2025-07-01 19:31:53,620 [INFO] 수집된 패킷 특징: [0, 6, 2533, 0, 0, 0, 0, 0]
2025-07-01 19:31:55,685 [INFO] [✓] 예측 결과: normal (신뢰도: 0.82)
2025-07-01 19:31:55,686 [INFO] 수집된 패킷 특징: [0, 6, 60, 0, 0, 0, 0, 0]
2025-07-01 19:31:57,742 [INFO] [✓] 예측 결과: normal (신뢰도: 0.88)
2025-07-01 19:31:57,744 [INFO] 수집된 패킷 특징: [0, 6, 148, 0, 0, 0, 0, 0]
2025-07-01 19:31:59,807 [INFO] [✓] 예측 결과: attack (신뢰도: 0.5283)
2025-07-01 19:31:59,809 [INFO] 수집된 패킷 특징: [0, 6, 89, 0, 0, 0, 0, 0]
2025-07-01 19:32:01,867 [INFO] [✓] 예측 결과: normal (신뢰도: 0.504)
2025-07-01 19:32:01,932 [INFO] 수집된 패킷 특징: [0, 6, 167, 0, 0, 0, 0, 0]
2025-07-01 19:32:03,989 [INFO] [✓] 예측 결과: normal (신뢰도: 0.5067)
2025-07-01 19:32:03,991 [INFO] 수집된 패킷 특징: [0, 6, 2533, 0, 0, 0, 0, 0]
2025-07-01 19:32:06,051 [INFO] [✓] 예측 결과: normal (신뢰도: 0.82)
2025-07-01 19:32:06,053 [INFO] 수집된 패킷 특징: [0, 6, 60, 0, 0, 0, 0, 0]
2025-07-01 19:32:08,114 [INFO] [✓] 예측 결과: normal (신뢰도: 0.88)
2025-07-01 19:32:08,117 [INFO] 수집된 패킷 특징: [0, 6, 149, 0, 0, 0, 0, 0]
2025-07-01 19:32:10,179 [INFO] [✓] 예측 결과: attack (신뢰도: 0.5283)
2025-07-01 19:32:10,180 [INFO] 수집된 패킷 특징: [0, 6, 54, 0, 0, 0, 0, 0]
2025-07-01 19:32:12,235 [INFO] [✓] 예측 결과: normal (신뢰도: 0.96)
2025-07-01 19:32:12,299 [INFO] 수집된 패킷 특징: [0, 6, 167, 0, 0, 0, 0, 0]
2025-07-01 19:32:14,358 [INFO] [✓] 예측 결과: normal (신뢰도: 0.5067)
2025-07-01 19:32:14,360 [INFO] 수집된 패킷 특징: [0, 6, 2533, 0, 0, 0, 0, 0]
2025-07-01 19:32:16,405 [INFO] [✓] 예측 결과: normal (신뢰도: 0.82)
2025-07-01 19:32:16,407 [INFO] 수집된 패킷 특징: [0, 6, 60, 0, 0, 0, 0, 0]
2025-07-01 19:32:18,467 [INFO] [✓] 예측 결과: normal (신뢰도: 0.88)
2025-07-01 19:32:18,469 [INFO] 수집된 패킷 특징: [0, 6, 148, 0, 0, 0, 0, 0]
2025-07-01 19:32:20,529 [INFO] [✓] 예측 결과: attack (신뢰도: 0.5283)
2025-07-01 19:32:20,530 [INFO] 수집된 패킷 특징: [0, 6, 54, 0, 0, 0, 0, 0]
2025-07-01 19:32:22,588 [INFO] [✓] 예측 결과: normal (신뢰도: 0.96)
2025-07-01 19:32:22,637 [INFO] 수집된 패킷 특징: [0, 6, 167, 0, 0, 0, 0, 0]
2025-07-01 19:32:24,695 [INFO] [✓] 예측 결과: normal (신뢰도: 0.5067)
2025-07-01 19:32:24,696 [INFO] 수집된 패킷 특징: [0, 6, 2533, 0, 0, 0, 0, 0]
2025-07-01 19:32:26,755 [INFO] [✓] 예측 결과: normal (신뢰도: 0.82)
2025-07-01 19:32:26,758 [INFO] 수집된 패킷 특징: [0, 6, 60, 0, 0, 0, 0, 0]
2025-07-01 19:32:28,818 [INFO] [✓] 예측 결과: normal (신뢰도: 0.88)
2025-07-01 19:32:28,820 [INFO] 수집된 패킷 특징: [0, 6, 153, 0, 0, 0, 0, 0]
2025-07-01 19:32:30,880 [INFO] [✓] 예측 결과: attack (신뢰도: 0.5183)
2025-07-01 19:32:30,881 [INFO] 수집된 패킷 특징: [0, 6, 89, 0, 0, 0, 0, 0]
2025-07-01 19:32:32,938 [INFO] [✓] 예측 결과: normal (신뢰도: 0.504)
2025-07-01 19:32:33,003 [INFO] 수집된 패킷 특징: [0, 6, 167, 0, 0, 0, 0, 0]
2025-07-01 19:32:35,061 [INFO] [✓] 예측 결과: normal (신뢰도: 0.5067)
2025-07-01 19:32:35,063 [INFO] 수집된 패킷 특징: [0, 6, 2533, 0, 0, 0, 0, 0]
2025-07-01 19:32:37,125 [INFO] [✓] 예측 결과: normal (신뢰도: 0.82)
2025-07-01 19:32:37,127 [INFO] 수집된 패킷 특징: [0, 6, 60, 0, 0, 0, 0, 0]
2025-07-01 19:32:39,183 [INFO] [✓] 예측 결과: normal (신뢰도: 0.88)
2025-07-01 19:32:39,185 [INFO] 수집된 패킷 특징: [0, 6, 60, 0, 0, 0, 0, 0]
2025-07-01 19:32:41,243 [INFO] [✓] 예측 결과: normal (신뢰도: 0.88)
2025-07-01 19:32:41,247 [INFO] 수집된 패킷 특징: [0, 6, 66, 0, 0, 0, 0, 0]
2025-07-01 19:32:43,304 [INFO] [✓] 예측 결과: normal (신뢰도: 0.88)
2025-07-01 19:32:43,352 [INFO] 수집된 패킷 특징: [0, 6, 167, 0, 0, 0, 0, 0]
2025-07-01 19:32:45,408 [INFO] [✓] 예측 결과: normal (신뢰도: 0.5067)
2025-07-01 19:32:45,410 [INFO] 수집된 패킷 특징: [0, 6, 2533, 0, 0, 0, 0, 0]
2025-07-01 19:32:47,469 [INFO] [✓] 예측 결과: normal (신뢰도: 0.82)
2025-07-01 19:32:47,471 [INFO] 수집된 패킷 특징: [0, 6, 60, 0, 0, 0, 0, 0]
2025-07-01 19:32:49,530 [INFO] [✓] 예측 결과: normal (신뢰도: 0.88)
2025-07-01 19:32:49,532 [INFO] 수집된 패킷 특징: [0, 6, 153, 0, 0, 0, 0, 0]
2025-07-01 19:32:51,589 [INFO] [✓] 예측 결과: attack (신뢰도: 0.5183)
2025-07-01 19:32:51,591 [INFO] 수집된 패킷 특징: [0, 6, 54, 0, 0, 0, 0, 0]
2025-07-01 19:32:53,652 [INFO] [✓] 예측 결과: normal (신뢰도: 0.96)
2025-07-01 19:32:53,716 [INFO] 수집된 패킷 특징: [0, 6, 167, 0, 0, 0, 0, 0]
2025-07-01 19:32:55,773 [INFO] [✓] 예측 결과: normal (신뢰도: 0.5067)
2025-07-01 19:32:55,775 [INFO] 수집된 패킷 특징: [0, 6, 2533, 0, 0, 0, 0, 0]
2025-07-01 19:32:57,838 [INFO] [✓] 예측 결과: normal (신뢰도: 0.82)
2025-07-01 19:32:57,840 [INFO] 수집된 패킷 특징: [0, 6, 60, 0, 0, 0, 0, 0]
2025-07-01 19:32:59,897 [INFO] [✓] 예측 결과: normal (신뢰도: 0.88)
2025-07-01 19:32:59,899 [INFO] 수집된 패킷 특징: [0, 6, 148, 0, 0, 0, 0, 0]
2025-07-01 19:33:01,958 [INFO] [✓] 예측 결과: attack (신뢰도: 0.5283)
2025-07-01 19:33:01,960 [INFO] 수집된 패킷 특징: [0, 6, 89, 0, 0, 0, 0, 0]
2025-07-01 19:33:04,016 [INFO] [✓] 예측 결과: normal (신뢰도: 0.504)
2025-07-01 19:33:04,080 [INFO] 수집된 패킷 특징: [0, 6, 167, 0, 0, 0, 0, 0]
2025-07-01 19:33:06,144 [INFO] [✓] 예측 결과: normal (신뢰도: 0.5067)
2025-07-01 19:33:06,146 [INFO] 수집된 패킷 특징: [0, 6, 2533, 0, 0, 0, 0, 0]
2025-07-01 19:33:08,208 [INFO] [✓] 예측 결과: normal (신뢰도: 0.82)
2025-07-01 19:33:08,210 [INFO] 수집된 패킷 특징: [0, 6, 60, 0, 0, 0, 0, 0]
2025-07-01 19:33:10,271 [INFO] [✓] 예측 결과: normal (신뢰도: 0.88)
2025-07-01 19:33:10,272 [INFO] 수집된 패킷 특징: [0, 6, 149, 0, 0, 0, 0, 0]
2025-07-01 19:33:12,333 [INFO] [✓] 예측 결과: attack (신뢰도: 0.5283)
2025-07-01 19:33:12,334 [INFO] 수집된 패킷 특징: [0, 6, 54, 0, 0, 0, 0, 0]
2025-07-01 19:33:14,395 [INFO] [✓] 예측 결과: normal (신뢰도: 0.96)
2025-07-01 19:33:14,443 [INFO] 수집된 패킷 특징: [0, 6, 167, 0, 0, 0, 0, 0]
2025-07-01 19:33:16,505 [INFO] [✓] 예측 결과: normal (신뢰도: 0.5067)
2025-07-01 19:33:16,507 [INFO] 수집된 패킷 특징: [0, 6, 2533, 0, 0, 0, 0, 0]
2025-07-01 19:33:18,567 [INFO] [✓] 예측 결과: normal (신뢰도: 0.82)
2025-07-01 19:33:18,569 [INFO] 수집된 패킷 특징: [0, 6, 55, 0, 0, 0, 0, 0]
2025-07-01 19:33:20,627 [INFO] [✓] 예측 결과: normal (신뢰도: 0.95)
2025-07-01 19:33:20,628 [INFO] 수집된 패킷 특징: [0, 6, 66, 0, 0, 0, 0, 0]
2025-07-01 19:33:22,688 [INFO] [✓] 예측 결과: normal (신뢰도: 0.88)
2025-07-01 19:33:22,690 [INFO] 수집된 패킷 특징: [0, 6, 60, 0, 0, 0, 0, 0]
2025-07-01 19:33:24,750 [INFO] [✓] 예측 결과: normal (신뢰도: 0.88)
2025-07-01 19:33:24,815 [INFO] 수집된 패킷 특징: [0, 6, 167, 0, 0, 0, 0, 0]
2025-07-01 19:33:26,873 [INFO] [✓] 예측 결과: normal (신뢰도: 0.5067)
2025-07-01 19:33:26,875 [INFO] 수집된 패킷 특징: [0, 6, 2533, 0, 0, 0, 0, 0]
2025-07-01 19:33:28,936 [INFO] [✓] 예측 결과: normal (신뢰도: 0.82)
2025-07-01 19:33:28,942 [INFO] 수집된 패킷 특징: [0, 6, 60, 0, 0, 0, 0, 0]
2025-07-01 19:33:30,995 [INFO] [✓] 예측 결과: normal (신뢰도: 0.88)
2025-07-01 19:33:30,997 [INFO] 수집된 패킷 특징: [0, 6, 153, 0, 0, 0, 0, 0]
2025-07-01 19:33:33,053 [INFO] [✓] 예측 결과: attack (신뢰도: 0.5183)
2025-07-01 19:33:33,055 [INFO] 수집된 패킷 특징: [0, 6, 89, 0, 0, 0, 0, 0]
2025-07-01 19:33:35,116 [INFO] [✓] 예측 결과: normal (신뢰도: 0.504)
2025-07-01 19:33:35,179 [INFO] 수집된 패킷 특징: [0, 6, 510, 0, 0, 0, 0, 0]
2025-07-01 19:33:37,241 [INFO] [✓] 예측 결과: normal (신뢰도: 0.88)
2025-07-01 19:33:37,243 [INFO] 수집된 패킷 특징: [0, 6, 2533, 0, 0, 0, 0, 0]
2025-07-01 19:33:39,302 [INFO] [✓] 예측 결과: normal (신뢰도: 0.82)
2025-07-01 19:33:39,304 [INFO] 수집된 패킷 특징: [0, 6, 60, 0, 0, 0, 0, 0]
2025-07-01 19:33:41,364 [INFO] [✓] 예측 결과: normal (신뢰도: 0.88)
2025-07-01 19:33:41,366 [INFO] 수집된 패킷 특징: [0, 6, 153, 0, 0, 0, 0, 0]
2025-07-01 19:33:43,426 [INFO] [✓] 예측 결과: attack (신뢰도: 0.5183)
2025-07-01 19:33:43,428 [INFO] 수집된 패킷 특징: [0, 6, 54, 0, 0, 0, 0, 0]
2025-07-01 19:33:45,494 [INFO] [✓] 예측 결과: normal (신뢰도: 0.96)
2025-07-01 19:33:45,538 [INFO] 수집된 패킷 특징: [0, 6, 54, 0, 0, 0, 0, 0]
2025-07-01 19:33:47,597 [INFO] [✓] 예측 결과: normal (신뢰도: 0.96)
2025-07-01 19:33:47,599 [INFO] 수집된 패킷 특징: [0, 6, 172, 0, 0, 0, 0, 0]
2025-07-01 19:33:49,658 [INFO] [✓] 예측 결과: attack (신뢰도: 0.5033)
2025-07-01 19:33:49,660 [INFO] 수집된 패킷 특징: [0, 6, 2533, 0, 0, 0, 0, 0]
2025-07-01 19:33:51,722 [INFO] [✓] 예측 결과: normal (신뢰도: 0.82)
2025-07-01 19:33:51,724 [INFO] 수집된 패킷 특징: [0, 6, 60, 0, 0, 0, 0, 0]
2025-07-01 19:33:53,782 [INFO] [✓] 예측 결과: normal (신뢰도: 0.88)
2025-07-01 19:33:53,784 [INFO] 수집된 패킷 특징: [0, 6, 148, 0, 0, 0, 0, 0]
2025-07-01 19:33:55,844 [INFO] [✓] 예측 결과: attack (신뢰도: 0.5283)
2025-07-01 19:33:55,892 [INFO] 수집된 패킷 특징: [0, 6, 167, 0, 0, 0, 0, 0]
2025-07-01 19:33:57,950 [INFO] [✓] 예측 결과: normal (신뢰도: 0.5067)
2025-07-01 19:33:57,951 [INFO] 수집된 패킷 특징: [0, 6, 2533, 0, 0, 0, 0, 0]
2025-07-01 19:34:00,009 [INFO] [✓] 예측 결과: normal (신뢰도: 0.82)
2025-07-01 19:34:00,011 [INFO] 수집된 패킷 특징: [0, 6, 60, 0, 0, 0, 0, 0]
2025-07-01 19:34:02,068 [INFO] [✓] 예측 결과: normal (신뢰도: 0.88)
2025-07-01 19:34:02,071 [INFO] 수집된 패킷 특징: [0, 6, 149, 0, 0, 0, 0, 0]
2025-07-01 19:34:04,145 [INFO] [✓] 예측 결과: attack (신뢰도: 0.5283)
2025-07-01 19:34:04,149 [INFO] 수집된 패킷 특징: [0, 6, 89, 0, 0, 0, 0, 0]
2025-07-01 19:34:06,206 [INFO] [✓] 예측 결과: normal (신뢰도: 0.504)
2025-07-01 19:34:06,271 [INFO] 수집된 패킷 특징: [0, 6, 167, 0, 0, 0, 0, 0]
2025-07-01 19:34:08,332 [INFO] [✓] 예측 결과: normal (신뢰도: 0.5067)
2025-07-01 19:34:08,333 [INFO] 수집된 패킷 특징: [0, 6, 2533, 0, 0, 0, 0, 0]
2025-07-01 19:34:10,390 [INFO] [✓] 예측 결과: normal (신뢰도: 0.82)
2025-07-01 19:34:10,392 [INFO] 수집된 패킷 특징: [0, 6, 60, 0, 0, 0, 0, 0]
2025-07-01 19:34:12,450 [INFO] [✓] 예측 결과: normal (신뢰도: 0.88)
2025-07-01 19:34:12,452 [INFO] 수집된 패킷 특징: [0, 6, 148, 0, 0, 0, 0, 0]
2025-07-01 19:34:14,515 [INFO] [✓] 예측 결과: attack (신뢰도: 0.5283)
2025-07-01 19:34:14,517 [INFO] 수집된 패킷 특징: [0, 6, 54, 0, 0, 0, 0, 0]
2025-07-01 19:34:16,568 [INFO] [✓] 예측 결과: normal (신뢰도: 0.96)
2025-07-01 19:34:16,645 [INFO] 수집된 패킷 특징: [0, 6, 167, 0, 0, 0, 0, 0]
2025-07-01 19:34:18,703 [INFO] [✓] 예측 결과: normal (신뢰도: 0.5067)
2025-07-01 19:34:18,705 [INFO] 수집된 패킷 특징: [0, 6, 2533, 0, 0, 0, 0, 0]
2025-07-01 19:34:20,765 [INFO] [✓] 예측 결과: normal (신뢰도: 0.82)
2025-07-01 19:34:20,767 [INFO] 수집된 패킷 특징: [0, 6, 60, 0, 0, 0, 0, 0]
2025-07-01 19:34:22,834 [INFO] [✓] 예측 결과: normal (신뢰도: 0.88)
2025-07-01 19:34:22,836 [INFO] 수집된 패킷 특징: [0, 6, 148, 0, 0, 0, 0, 0]
2025-07-01 19:34:24,886 [INFO] [✓] 예측 결과: attack (신뢰도: 0.5283)
2025-07-01 19:34:24,889 [INFO] 수집된 패킷 특징: [0, 6, 54, 0, 0, 0, 0, 0]
2025-07-01 19:34:26,949 [INFO] [✓] 예측 결과: normal (신뢰도: 0.96)
2025-07-01 19:34:27,044 [INFO] 수집된 패킷 특징: [0, 6, 167, 0, 0, 0, 0, 0]
2025-07-01 19:34:29,099 [INFO] [✓] 예측 결과: normal (신뢰도: 0.5067)
2025-07-01 19:34:29,101 [INFO] 수집된 패킷 특징: [0, 6, 2533, 0, 0, 0, 0, 0]
2025-07-01 19:34:31,160 [INFO] [✓] 예측 결과: normal (신뢰도: 0.82)
2025-07-01 19:34:31,161 [INFO] 수집된 패킷 특징: [0, 6, 60, 0, 0, 0, 0, 0]
2025-07-01 19:34:33,223 [INFO] [✓] 예측 결과: normal (신뢰도: 0.88)
2025-07-01 19:34:33,225 [INFO] 수집된 패킷 특징: [0, 6, 148, 0, 0, 0, 0, 0]
2025-07-01 19:34:35,289 [INFO] [✓] 예측 결과: attack (신뢰도: 0.5283)
2025-07-01 19:34:35,290 [INFO] 수집된 패킷 특징: [0, 6, 89, 0, 0, 0, 0, 0]
2025-07-01 19:34:37,352 [INFO] [✓] 예측 결과: normal (신뢰도: 0.504)
2025-07-01 19:34:37,431 [INFO] 수집된 패킷 특징: [0, 6, 167, 0, 0, 0, 0, 0]
2025-07-01 19:34:39,488 [INFO] [✓] 예측 결과: normal (신뢰도: 0.5067)
2025-07-01 19:34:39,490 [INFO] 수집된 패킷 특징: [0, 6, 2533, 0, 0, 0, 0, 0]
2025-07-01 19:34:41,550 [INFO] [✓] 예측 결과: normal (신뢰도: 0.82)
2025-07-01 19:34:41,552 [INFO] 수집된 패킷 특징: [0, 6, 60, 0, 0, 0, 0, 0]
2025-07-01 19:34:43,606 [INFO] [✓] 예측 결과: normal (신뢰도: 0.88)
2025-07-01 19:34:43,608 [INFO] 수집된 패킷 특징: [0, 6, 153, 0, 0, 0, 0, 0]
2025-07-01 19:34:45,668 [INFO] [✓] 예측 결과: attack (신뢰도: 0.5183)
2025-07-01 19:34:45,669 [INFO] 수집된 패킷 특징: [0, 6, 54, 0, 0, 0, 0, 0]
2025-07-01 19:34:47,729 [INFO] [✓] 예측 결과: normal (신뢰도: 0.96)
2025-07-01 19:34:47,779 [INFO] 수집된 패킷 특징: [0, 6, 167, 0, 0, 0, 0, 0]
2025-07-01 19:34:49,839 [INFO] [✓] 예측 결과: normal (신뢰도: 0.5067)
2025-07-01 19:34:49,841 [INFO] 수집된 패킷 특징: [0, 6, 2533, 0, 0, 0, 0, 0]
2025-07-01 19:34:51,897 [INFO] [✓] 예측 결과: normal (신뢰도: 0.82)
2025-07-01 19:34:51,900 [INFO] 수집된 패킷 특징: [0, 6, 60, 0, 0, 0, 0, 0]
2025-07-01 19:34:53,959 [INFO] [✓] 예측 결과: normal (신뢰도: 0.88)
2025-07-01 19:34:53,961 [INFO] 수집된 패킷 특징: [0, 6, 153, 0, 0, 0, 0, 0]
2025-07-01 19:34:56,023 [INFO] [✓] 예측 결과: attack (신뢰도: 0.5183)
2025-07-01 19:34:56,025 [INFO] 수집된 패킷 특징: [0, 6, 54, 0, 0, 0, 0, 0]
2025-07-01 19:34:58,075 [INFO] [✓] 예측 결과: normal (신뢰도: 0.96)
2025-07-01 19:34:58,155 [INFO] 수집된 패킷 특징: [0, 6, 167, 0, 0, 0, 0, 0]
2025-07-01 19:35:00,210 [INFO] [✓] 예측 결과: normal (신뢰도: 0.5067)
2025-07-01 19:35:00,212 [INFO] 수집된 패킷 특징: [0, 6, 2533, 0, 0, 0, 0, 0]
2025-07-01 19:35:02,273 [INFO] [✓] 예측 결과: normal (신뢰도: 0.82)
2025-07-01 19:35:02,275 [INFO] 수집된 패킷 특징: [0, 6, 60, 0, 0, 0, 0, 0]
2025-07-01 19:35:04,333 [INFO] [✓] 예측 결과: normal (신뢰도: 0.88)
2025-07-01 19:35:04,335 [INFO] 수집된 패킷 특징: [0, 6, 89, 0, 0, 0, 0, 0]
2025-07-01 19:35:06,404 [INFO] [✓] 예측 결과: normal (신뢰도: 0.504)
2025-07-01 19:35:06,405 [INFO] 수집된 패킷 특징: [0, 6, 54, 0, 0, 0, 0, 0]
2025-07-01 19:35:08,466 [INFO] [✓] 예측 결과: normal (신뢰도: 0.96)
2025-07-01 19:35:08,529 [INFO] 수집된 패킷 특징: [0, 6, 167, 0, 0, 0, 0, 0]
2025-07-01 19:35:10,587 [INFO] [✓] 예측 결과: normal (신뢰도: 0.5067)
2025-07-01 19:35:10,589 [INFO] 수집된 패킷 특징: [0, 6, 2533, 0, 0, 0, 0, 0]
2025-07-01 19:35:12,636 [INFO] [✓] 예측 결과: normal (신뢰도: 0.82)
2025-07-01 19:35:12,638 [INFO] 수집된 패킷 특징: [0, 6, 60, 0, 0, 0, 0, 0]
2025-07-01 19:35:14,696 [INFO] [✓] 예측 결과: normal (신뢰도: 0.88)
2025-07-01 19:35:14,698 [INFO] 수집된 패킷 특징: [0, 6, 148, 0, 0, 0, 0, 0]
2025-07-01 19:35:16,765 [INFO] [✓] 예측 결과: attack (신뢰도: 0.5283)
2025-07-01 19:35:16,767 [INFO] 수집된 패킷 특징: [0, 6, 54, 0, 0, 0, 0, 0]
2025-07-01 19:35:18,824 [INFO] [✓] 예측 결과: normal (신뢰도: 0.96)
2025-07-01 19:35:18,887 [INFO] 수집된 패킷 특징: [0, 6, 167, 0, 0, 0, 0, 0]
2025-07-01 19:35:20,944 [INFO] [✓] 예측 결과: normal (신뢰도: 0.5067)
2025-07-01 19:35:20,946 [INFO] 수집된 패킷 특징: [0, 6, 2533, 0, 0, 0, 0, 0]
2025-07-01 19:35:23,005 [INFO] [✓] 예측 결과: normal (신뢰도: 0.82)
2025-07-01 19:35:23,007 [INFO] 수집된 패킷 특징: [0, 6, 60, 0, 0, 0, 0, 0]
2025-07-01 19:35:25,077 [INFO] [✓] 예측 결과: normal (신뢰도: 0.88)
2025-07-01 19:35:25,079 [INFO] 수집된 패킷 특징: [0, 6, 148, 0, 0, 0, 0, 0]
2025-07-01 19:35:27,144 [INFO] [✓] 예측 결과: attack (신뢰도: 0.5283)
2025-07-01 19:35:27,146 [INFO] 수집된 패킷 특징: [0, 6, 54, 0, 0, 0, 0, 0]
2025-07-01 19:35:29,203 [INFO] [✓] 예측 결과: normal (신뢰도: 0.96)
2025-07-01 19:35:29,252 [INFO] 수집된 패킷 특징: [0, 6, 194, 0, 0, 0, 0, 0]
2025-07-01 19:35:31,310 [INFO] [✓] 예측 결과: normal (신뢰도: 0.5067)
2025-07-01 19:35:31,312 [INFO] 수집된 패킷 특징: [0, 6, 2533, 0, 0, 0, 0, 0]
2025-07-01 19:35:33,372 [INFO] [✓] 예측 결과: normal (신뢰도: 0.82)
2025-07-01 19:35:33,374 [INFO] 수집된 패킷 특징: [0, 6, 78, 0, 0, 0, 0, 0]
2025-07-01 19:35:35,435 [INFO] [✓] 예측 결과: normal (신뢰도: 0.85)
2025-07-01 19:35:35,437 [INFO] 수집된 패킷 특징: [0, 6, 60, 0, 0, 0, 0, 0]
2025-07-01 19:35:37,501 [INFO] [✓] 예측 결과: normal (신뢰도: 0.88)
2025-07-01 19:35:37,502 [INFO] 수집된 패킷 특징: [0, 6, 54, 0, 0, 0, 0, 0]
2025-07-01 19:35:39,563 [INFO] [✓] 예측 결과: normal (신뢰도: 0.96)
2025-07-01 19:35:39,626 [INFO] 수집된 패킷 특징: [0, 6, 168, 0, 0, 0, 0, 0]
2025-07-01 19:35:41,681 [INFO] [✓] 예측 결과: attack (신뢰도: 0.5033)
2025-07-01 19:35:41,683 [INFO] 수집된 패킷 특징: [0, 6, 2533, 0, 0, 0, 0, 0]
2025-07-01 19:35:43,741 [INFO] [✓] 예측 결과: normal (신뢰도: 0.82)
2025-07-01 19:35:43,744 [INFO] 수집된 패킷 특징: [0, 6, 60, 0, 0, 0, 0, 0]
2025-07-01 19:35:45,806 [INFO] [✓] 예측 결과: normal (신뢰도: 0.88)
2025-07-01 19:35:45,808 [INFO] 수집된 패킷 특징: [0, 6, 60, 0, 0, 0, 0, 0]
2025-07-01 19:35:47,869 [INFO] [✓] 예측 결과: normal (신뢰도: 0.88)
2025-07-01 19:35:47,870 [INFO] 수집된 패킷 특징: [0, 6, 156, 0, 0, 0, 0, 0]
2025-07-01 19:35:49,930 [INFO] [✓] 예측 결과: attack (신뢰도: 0.5183)
2025-07-01 19:35:49,978 [INFO] 수집된 패킷 특징: [0, 6, 167, 0, 0, 0, 0, 0]
2025-07-01 19:35:52,036 [INFO] [✓] 예측 결과: normal (신뢰도: 0.5067)
2025-07-01 19:35:52,038 [INFO] 수집된 패킷 특징: [0, 6, 2533, 0, 0, 0, 0, 0]
2025-07-01 19:35:54,098 [INFO] [✓] 예측 결과: normal (신뢰도: 0.82)
2025-07-01 19:35:54,099 [INFO] 수집된 패킷 특징: [0, 6, 66, 0, 0, 0, 0, 0]
2025-07-01 19:35:56,161 [INFO] [✓] 예측 결과: normal (신뢰도: 0.88)
2025-07-01 19:35:56,163 [INFO] 수집된 패킷 특징: [0, 6, 54, 0, 0, 0, 0, 0]
2025-07-01 19:35:58,226 [INFO] [✓] 예측 결과: normal (신뢰도: 0.96)
2025-07-01 19:35:58,228 [INFO] 수집된 패킷 특징: [0, 6, 276, 0, 0, 0, 0, 0]
2025-07-01 19:36:00,286 [INFO] [✓] 예측 결과: normal (신뢰도: 0.5067)
2025-07-01 19:36:00,350 [INFO] 수집된 패킷 특징: [0, 6, 167, 0, 0, 0, 0, 0]
2025-07-01 19:36:02,407 [INFO] [✓] 예측 결과: normal (신뢰도: 0.5067)
2025-07-01 19:36:02,409 [INFO] 수집된 패킷 특징: [0, 6, 2533, 0, 0, 0, 0, 0]
2025-07-01 19:36:04,468 [INFO] [✓] 예측 결과: normal (신뢰도: 0.82)
2025-07-01 19:36:04,470 [INFO] 수집된 패킷 특징: [0, 6, 60, 0, 0, 0, 0, 0]
2025-07-01 19:36:06,532 [INFO] [✓] 예측 결과: normal (신뢰도: 0.88)
2025-07-01 19:36:06,533 [INFO] 수집된 패킷 특징: [0, 6, 164, 0, 0, 0, 0, 0]
2025-07-01 19:36:08,596 [INFO] [✓] 예측 결과: attack (신뢰도: 0.5183)
2025-07-01 19:36:08,598 [INFO] 수집된 패킷 특징: [0, 6, 164, 0, 0, 0, 0, 0]
2025-07-01 19:36:10,657 [INFO] [✓] 예측 결과: attack (신뢰도: 0.5183)
2025-07-01 19:36:10,721 [INFO] 수집된 패킷 특징: [0, 6, 167, 0, 0, 0, 0, 0]
2025-07-01 19:36:12,779 [INFO] [✓] 예측 결과: normal (신뢰도: 0.5067)
2025-07-01 19:36:12,781 [INFO] 수집된 패킷 특징: [0, 6, 2533, 0, 0, 0, 0, 0]
2025-07-01 19:36:14,843 [INFO] [✓] 예측 결과: normal (신뢰도: 0.82)
2025-07-01 19:36:14,845 [INFO] 수집된 패킷 특징: [0, 6, 60, 0, 0, 0, 0, 0]
2025-07-01 19:36:16,911 [INFO] [✓] 예측 결과: normal (신뢰도: 0.88)
2025-07-01 19:36:16,912 [INFO] 수집된 패킷 특징: [0, 6, 152, 0, 0, 0, 0, 0]
2025-07-01 19:36:18,974 [INFO] [✓] 예측 결과: attack (신뢰도: 0.5183)
2025-07-01 19:36:18,975 [INFO] 수집된 패킷 특징: [0, 6, 54, 0, 0, 0, 0, 0]
2025-07-01 19:36:21,031 [INFO] [✓] 예측 결과: normal (신뢰도: 0.96)
2025-07-01 19:36:21,080 [INFO] 수집된 패킷 특징: [0, 6, 167, 0, 0, 0, 0, 0]
2025-07-01 19:36:23,138 [INFO] [✓] 예측 결과: normal (신뢰도: 0.5067)
2025-07-01 19:36:23,140 [INFO] 수집된 패킷 특징: [0, 6, 2533, 0, 0, 0, 0, 0]
2025-07-01 19:36:25,202 [INFO] [✓] 예측 결과: normal (신뢰도: 0.82)
2025-07-01 19:36:25,204 [INFO] 수집된 패킷 특징: [0, 6, 60, 0, 0, 0, 0, 0]
2025-07-01 19:36:27,268 [INFO] [✓] 예측 결과: normal (신뢰도: 0.88)
2025-07-01 19:36:27,270 [INFO] 수집된 패킷 특징: [0, 6, 152, 0, 0, 0, 0, 0]
2025-07-01 19:36:29,330 [INFO] [✓] 예측 결과: attack (신뢰도: 0.5183)
2025-07-01 19:36:29,332 [INFO] 수집된 패킷 특징: [0, 6, 54, 0, 0, 0, 0, 0]
2025-07-01 19:36:31,388 [INFO] [✓] 예측 결과: normal (신뢰도: 0.96)
2025-07-01 19:36:31,437 [INFO] 수집된 패킷 특징: [0, 6, 167, 0, 0, 0, 0, 0]
2025-07-01 19:36:33,497 [INFO] [✓] 예측 결과: normal (신뢰도: 0.5067)
2025-07-01 19:36:33,498 [INFO] 수집된 패킷 특징: [0, 6, 2533, 0, 0, 0, 0, 0]
2025-07-01 19:36:35,559 [INFO] [✓] 예측 결과: normal (신뢰도: 0.82)
2025-07-01 19:36:35,560 [INFO] 수집된 패킷 특징: [0, 6, 60, 0, 0, 0, 0, 0]
2025-07-01 19:36:37,625 [INFO] [✓] 예측 결과: normal (신뢰도: 0.88)
2025-07-01 19:36:37,627 [INFO] 수집된 패킷 특징: [0, 6, 159, 0, 0, 0, 0, 0]
2025-07-01 19:36:39,690 [INFO] [✓] 예측 결과: attack (신뢰도: 0.5183)
2025-07-01 19:36:39,692 [INFO] 수집된 패킷 특징: [0, 6, 89, 0, 0, 0, 0, 0]
2025-07-01 19:36:41,750 [INFO] [✓] 예측 결과: normal (신뢰도: 0.504)
2025-07-01 19:36:41,799 [INFO] 수집된 패킷 특징: [0, 6, 167, 0, 0, 0, 0, 0]
2025-07-01 19:36:43,858 [INFO] [✓] 예측 결과: normal (신뢰도: 0.5067)
2025-07-01 19:36:43,860 [INFO] 수집된 패킷 특징: [0, 6, 2533, 0, 0, 0, 0, 0]
2025-07-01 19:36:45,923 [INFO] [✓] 예측 결과: normal (신뢰도: 0.82)
2025-07-01 19:36:45,925 [INFO] 수집된 패킷 특징: [0, 6, 60, 0, 0, 0, 0, 0]
2025-07-01 19:36:47,984 [INFO] [✓] 예측 결과: normal (신뢰도: 0.88)
2025-07-01 19:36:47,986 [INFO] 수집된 패킷 특징: [0, 6, 154, 0, 0, 0, 0, 0]
2025-07-01 19:36:50,044 [INFO] [✓] 예측 결과: attack (신뢰도: 0.5183)
2025-07-01 19:36:50,045 [INFO] 수집된 패킷 특징: [0, 6, 54, 0, 0, 0, 0, 0]
2025-07-01 19:36:52,106 [INFO] [✓] 예측 결과: normal (신뢰도: 0.96)
2025-07-01 19:36:52,154 [INFO] 수집된 패킷 특징: [0, 6, 166, 0, 0, 0, 0, 0]
2025-07-01 19:36:54,210 [INFO] [✓] 예측 결과: attack (신뢰도: 0.5083)
2025-07-01 19:36:54,212 [INFO] 수집된 패킷 특징: [0, 6, 2533, 0, 0, 0, 0, 0]
2025-07-01 19:36:56,273 [INFO] [✓] 예측 결과: normal (신뢰도: 0.82)
2025-07-01 19:36:56,276 [INFO] 수집된 패킷 특징: [0, 6, 55, 0, 0, 0, 0, 0]
2025-07-01 19:36:58,338 [INFO] [✓] 예측 결과: normal (신뢰도: 0.95)
2025-07-01 19:36:58,340 [INFO] 수집된 패킷 특징: [0, 6, 66, 0, 0, 0, 0, 0]
2025-07-01 19:37:00,396 [INFO] [✓] 예측 결과: normal (신뢰도: 0.88)
2025-07-01 19:37:00,398 [INFO] 수집된 패킷 특징: [0, 6, 60, 0, 0, 0, 0, 0]
2025-07-01 19:37:02,458 [INFO] [✓] 예측 결과: normal (신뢰도: 0.88)
2025-07-01 19:37:02,522 [INFO] 수집된 패킷 특징: [0, 6, 166, 0, 0, 0, 0, 0]
2025-07-01 19:37:04,579 [INFO] [✓] 예측 결과: attack (신뢰도: 0.5083)
2025-07-01 19:37:04,581 [INFO] 수집된 패킷 특징: [0, 6, 2533, 0, 0, 0, 0, 0]
2025-07-01 19:37:06,645 [INFO] [✓] 예측 결과: normal (신뢰도: 0.82)
2025-07-01 19:37:06,647 [INFO] 수집된 패킷 특징: [0, 6, 60, 0, 0, 0, 0, 0]
2025-07-01 19:37:08,709 [INFO] [✓] 예측 결과: normal (신뢰도: 0.88)
2025-07-01 19:37:08,710 [INFO] 수집된 패킷 특징: [0, 6, 154, 0, 0, 0, 0, 0]
2025-07-01 19:37:10,796 [INFO] [✓] 예측 결과: attack (신뢰도: 0.5183)
2025-07-01 19:37:10,798 [INFO] 수집된 패킷 특징: [0, 6, 89, 0, 0, 0, 0, 0]
2025-07-01 19:37:12,857 [INFO] [✓] 예측 결과: normal (신뢰도: 0.504)
2025-07-01 19:37:12,907 [INFO] 수집된 패킷 특징: [0, 6, 167, 0, 0, 0, 0, 0]
2025-07-01 19:37:14,966 [INFO] [✓] 예측 결과: normal (신뢰도: 0.5067)
2025-07-01 19:37:14,969 [INFO] 수집된 패킷 특징: [0, 6, 2533, 0, 0, 0, 0, 0]
2025-07-01 19:37:17,032 [INFO] [✓] 예측 결과: normal (신뢰도: 0.82)
2025-07-01 19:37:17,036 [INFO] 수집된 패킷 특징: [0, 17, 492, 0, 0, 0, 0, 0]
2025-07-01 19:37:19,093 [INFO] [✓] 예측 결과: normal (신뢰도: 0.8667)
2025-07-01 19:37:19,097 [INFO] 수집된 패킷 특징: [0, 6, 60, 0, 0, 0, 0, 0]
2025-07-01 19:37:21,153 [INFO] [✓] 예측 결과: normal (신뢰도: 0.88)
2025-07-01 19:37:21,155 [INFO] 수집된 패킷 특징: [0, 6, 148, 0, 0, 0, 0, 0]
2025-07-01 19:37:23,213 [INFO] [✓] 예측 결과: attack (신뢰도: 0.5283)
2025-07-01 19:37:23,276 [INFO] 수집된 패킷 특징: [0, 6, 170, 0, 0, 0, 0, 0]
2025-07-01 19:37:25,344 [INFO] [✓] 예측 결과: attack (신뢰도: 0.5033)
2025-07-01 19:37:25,346 [INFO] 수집된 패킷 특징: [0, 6, 2533, 0, 0, 0, 0, 0]
2025-07-01 19:37:27,420 [INFO] [✓] 예측 결과: normal (신뢰도: 0.82)
2025-07-01 19:37:27,422 [INFO] 수집된 패킷 특징: [0, 6, 60, 0, 0, 0, 0, 0]
2025-07-01 19:37:29,477 [INFO] [✓] 예측 결과: normal (신뢰도: 0.88)
2025-07-01 19:37:29,479 [INFO] 수집된 패킷 특징: [0, 6, 153, 0, 0, 0, 0, 0]
2025-07-01 19:37:31,541 [INFO] [✓] 예측 결과: attack (신뢰도: 0.5183)
2025-07-01 19:37:31,543 [INFO] 수집된 패킷 특징: [0, 6, 54, 0, 0, 0, 0, 0]
2025-07-01 19:37:33,602 [INFO] [✓] 예측 결과: normal (신뢰도: 0.96)
2025-07-01 19:37:33,650 [INFO] 수집된 패킷 특징: [0, 6, 168, 0, 0, 0, 0, 0]
2025-07-01 19:37:35,710 [INFO] [✓] 예측 결과: attack (신뢰도: 0.5033)
2025-07-01 19:37:35,712 [INFO] 수집된 패킷 특징: [0, 6, 2533, 0, 0, 0, 0, 0]
2025-07-01 19:37:37,776 [INFO] [✓] 예측 결과: normal (신뢰도: 0.82)
2025-07-01 19:37:37,779 [INFO] 수집된 패킷 특징: [0, 6, 60, 0, 0, 0, 0, 0]
2025-07-01 19:37:39,838 [INFO] [✓] 예측 결과: normal (신뢰도: 0.88)
2025-07-01 19:37:39,840 [INFO] 수집된 패킷 특징: [0, 6, 148, 0, 0, 0, 0, 0]
2025-07-01 19:37:41,902 [INFO] [✓] 예측 결과: attack (신뢰도: 0.5283)
2025-07-01 19:37:41,904 [INFO] 수집된 패킷 특징: [0, 6, 89, 0, 0, 0, 0, 0]
2025-07-01 19:37:43,964 [INFO] [✓] 예측 결과: normal (신뢰도: 0.504)
2025-07-01 19:37:44,014 [INFO] 수집된 패킷 특징: [0, 6, 166, 0, 0, 0, 0, 0]
2025-07-01 19:37:46,073 [INFO] [✓] 예측 결과: attack (신뢰도: 0.5083)
2025-07-01 19:37:46,075 [INFO] 수집된 패킷 특징: [0, 6, 2533, 0, 0, 0, 0, 0]
2025-07-01 19:37:48,128 [INFO] [✓] 예측 결과: normal (신뢰도: 0.82)
2025-07-01 19:37:48,131 [INFO] 수집된 패킷 특징: [0, 6, 60, 0, 0, 0, 0, 0]
2025-07-01 19:37:50,191 [INFO] [✓] 예측 결과: normal (신뢰도: 0.88)
2025-07-01 19:37:50,194 [INFO] 수집된 패킷 특징: [0, 6, 153, 0, 0, 0, 0, 0]
2025-07-01 19:37:52,249 [INFO] [✓] 예측 결과: attack (신뢰도: 0.5183)
2025-07-01 19:37:52,251 [INFO] 수집된 패킷 특징: [0, 6, 54, 0, 0, 0, 0, 0]
2025-07-01 19:37:54,327 [INFO] [✓] 예측 결과: normal (신뢰도: 0.96)
2025-07-01 19:37:54,368 [INFO] 수집된 패킷 특징: [0, 6, 172, 0, 0, 0, 0, 0]
2025-07-01 19:37:56,431 [INFO] [✓] 예측 결과: attack (신뢰도: 0.5033)
2025-07-01 19:37:56,433 [INFO] 수집된 패킷 특징: [0, 6, 7407, 0, 0, 0, 0, 0]
2025-07-01 19:37:58,496 [INFO] [✓] 예측 결과: normal (신뢰도: 0.83)
2025-07-01 19:37:58,498 [INFO] 수집된 패킷 특징: [0, 6, 60, 0, 0, 0, 0, 0]
2025-07-01 19:38:02,926 [INFO] [✓] 예측 결과: normal (신뢰도: 0.88)
2025-07-01 19:38:02,928 [INFO] 수집된 패킷 특징: [0, 6, 60, 0, 0, 0, 0, 0]
2025-07-01 19:38:04,991 [INFO] [✓] 예측 결과: normal (신뢰도: 0.88)
2025-07-01 19:38:05,056 [INFO] 수집된 패킷 특징: [0, 6, 167, 0, 0, 0, 0, 0]
2025-07-01 19:38:07,117 [INFO] [✓] 예측 결과: normal (신뢰도: 0.5067)
2025-07-01 19:38:07,119 [INFO] 수집된 패킷 특징: [0, 6, 2533, 0, 0, 0, 0, 0]
2025-07-01 19:38:09,182 [INFO] [✓] 예측 결과: normal (신뢰도: 0.82)
2025-07-01 19:38:09,184 [INFO] 수집된 패킷 특징: [0, 6, 60, 0, 0, 0, 0, 0]
2025-07-01 19:38:11,242 [INFO] [✓] 예측 결과: normal (신뢰도: 0.88)
2025-07-01 19:38:11,243 [INFO] 수집된 패킷 특징: [0, 6, 148, 0, 0, 0, 0, 0]
2025-07-01 19:38:13,301 [INFO] [✓] 예측 결과: attack (신뢰도: 0.5283)
2025-07-01 19:38:13,303 [INFO] 수집된 패킷 특징: [0, 6, 89, 0, 0, 0, 0, 0]
2025-07-01 19:38:15,363 [INFO] [✓] 예측 결과: normal (신뢰도: 0.504)
2025-07-01 19:38:15,412 [INFO] 수집된 패킷 특징: [0, 6, 167, 0, 0, 0, 0, 0]
2025-07-01 19:38:17,475 [INFO] [✓] 예측 결과: normal (신뢰도: 0.5067)
2025-07-01 19:38:17,477 [INFO] 수집된 패킷 특징: [0, 6, 2533, 0, 0, 0, 0, 0]
2025-07-01 19:38:19,536 [INFO] [✓] 예측 결과: normal (신뢰도: 0.82)
2025-07-01 19:38:19,538 [INFO] 수집된 패킷 특징: [0, 6, 60, 0, 0, 0, 0, 0]
2025-07-01 19:38:21,594 [INFO] [✓] 예측 결과: normal (신뢰도: 0.88)
2025-07-01 19:38:21,595 [INFO] 수집된 패킷 특징: [0, 6, 148, 0, 0, 0, 0, 0]
2025-07-01 19:38:23,653 [INFO] [✓] 예측 결과: attack (신뢰도: 0.5283)
2025-07-01 19:38:23,655 [INFO] 수집된 패킷 특징: [0, 6, 54, 0, 0, 0, 0, 0]
2025-07-01 19:38:25,718 [INFO] [✓] 예측 결과: normal (신뢰도: 0.96)
2025-07-01 19:38:25,797 [INFO] 수집된 패킷 특징: [0, 6, 167, 0, 0, 0, 0, 0]
2025-07-01 19:38:27,860 [INFO] [✓] 예측 결과: normal (신뢰도: 0.5067)
2025-07-01 19:38:27,862 [INFO] 수집된 패킷 특징: [0, 6, 2533, 0, 0, 0, 0, 0]
2025-07-01 19:38:29,917 [INFO] [✓] 예측 결과: normal (신뢰도: 0.82)
2025-07-01 19:38:29,922 [INFO] 수집된 패킷 특징: [0, 6, 54, 0, 0, 0, 0, 0]
2025-07-01 19:38:31,974 [INFO] [✓] 예측 결과: normal (신뢰도: 0.96)
2025-07-01 19:38:31,977 [INFO] 수집된 패킷 특징: [0, 6, 66, 0, 0, 0, 0, 0]
2025-07-01 19:38:34,035 [INFO] [✓] 예측 결과: normal (신뢰도: 0.88)
2025-07-01 19:38:34,037 [INFO] 수집된 패킷 특징: [0, 6, 66, 0, 0, 0, 0, 0]
2025-07-01 19:38:36,102 [INFO] [✓] 예측 결과: normal (신뢰도: 0.88)
2025-07-01 19:38:36,152 [INFO] 수집된 패킷 특징: [0, 6, 167, 0, 0, 0, 0, 0]
2025-07-01 19:38:38,213 [INFO] [✓] 예측 결과: normal (신뢰도: 0.5067)
2025-07-01 19:38:38,215 [INFO] 수집된 패킷 특징: [0, 6, 2533, 0, 0, 0, 0, 0]
2025-07-01 19:38:40,272 [INFO] [✓] 예측 결과: normal (신뢰도: 0.82)
2025-07-01 19:38:40,274 [INFO] 수집된 패킷 특징: [0, 6, 60, 0, 0, 0, 0, 0]
2025-07-01 19:38:42,334 [INFO] [✓] 예측 결과: normal (신뢰도: 0.88)
2025-07-01 19:38:42,335 [INFO] 수집된 패킷 특징: [0, 6, 148, 0, 0, 0, 0, 0]
2025-07-01 19:38:44,398 [INFO] [✓] 예측 결과: attack (신뢰도: 0.5283)
2025-07-01 19:38:44,400 [INFO] 수집된 패킷 특징: [0, 6, 89, 0, 0, 0, 0, 0]
2025-07-01 19:38:46,456 [INFO] [✓] 예측 결과: normal (신뢰도: 0.504)
2025-07-01 19:38:46,533 [INFO] 수집된 패킷 특징: [0, 6, 167, 0, 0, 0, 0, 0]
2025-07-01 19:38:48,593 [INFO] [✓] 예측 결과: normal (신뢰도: 0.5067)
2025-07-01 19:38:48,595 [INFO] 수집된 패킷 특징: [0, 6, 2533, 0, 0, 0, 0, 0]
2025-07-01 19:38:50,652 [INFO] [✓] 예측 결과: normal (신뢰도: 0.82)
2025-07-01 19:38:50,654 [INFO] 수집된 패킷 특징: [0, 6, 66, 0, 0, 0, 0, 0]
2025-07-01 19:38:52,713 [INFO] [✓] 예측 결과: normal (신뢰도: 0.88)
2025-07-01 19:38:52,715 [INFO] 수집된 패킷 특징: [0, 6, 60, 0, 0, 0, 0, 0]
2025-07-01 19:38:54,775 [INFO] [✓] 예측 결과: normal (신뢰도: 0.88)
2025-07-01 19:38:54,777 [INFO] 수집된 패킷 특징: [0, 6, 148, 0, 0, 0, 0, 0]
2025-07-01 19:38:56,840 [INFO] [✓] 예측 결과: attack (신뢰도: 0.5283)
2025-07-01 19:38:56,903 [INFO] 수집된 패킷 특징: [0, 6, 167, 0, 0, 0, 0, 0]
2025-07-01 19:38:58,967 [INFO] [✓] 예측 결과: normal (신뢰도: 0.5067)
2025-07-01 19:38:58,969 [INFO] 수집된 패킷 특징: [0, 6, 2533, 0, 0, 0, 0, 0]
2025-07-01 19:39:01,031 [INFO] [✓] 예측 결과: normal (신뢰도: 0.82)
2025-07-01 19:39:01,033 [INFO] 수집된 패킷 특징: [0, 6, 60, 0, 0, 0, 0, 0]
2025-07-01 19:39:03,087 [INFO] [✓] 예측 결과: normal (신뢰도: 0.88)
2025-07-01 19:39:03,089 [INFO] 수집된 패킷 특징: [0, 6, 148, 0, 0, 0, 0, 0]
2025-07-01 19:39:05,153 [INFO] [✓] 예측 결과: attack (신뢰도: 0.5283)
2025-07-01 19:39:05,156 [INFO] 수집된 패킷 특징: [0, 6, 54, 0, 0, 0, 0, 0]
2025-07-01 19:39:07,214 [INFO] [✓] 예측 결과: normal (신뢰도: 0.96)
2025-07-01 19:39:07,239 [INFO] 수집된 패킷 특징: [0, 6, 60, 0, 0, 0, 0, 0]
2025-07-01 19:39:09,296 [INFO] [✓] 예측 결과: normal (신뢰도: 0.88)
2025-07-01 19:39:09,299 [INFO] 수집된 패킷 특징: [0, 6, 167, 0, 0, 0, 0, 0]
2025-07-01 19:39:11,357 [INFO] [✓] 예측 결과: normal (신뢰도: 0.5067)
2025-07-01 19:39:11,359 [INFO] 수집된 패킷 특징: [0, 6, 2533, 0, 0, 0, 0, 0]
2025-07-01 19:39:13,419 [INFO] [✓] 예측 결과: normal (신뢰도: 0.82)
2025-07-01 19:39:13,421 [INFO] 수집된 패킷 특징: [0, 6, 60, 0, 0, 0, 0, 0]
2025-07-01 19:39:15,483 [INFO] [✓] 예측 결과: normal (신뢰도: 0.88)
2025-07-01 19:39:15,485 [INFO] 수집된 패킷 특징: [0, 6, 153, 0, 0, 0, 0, 0]
2025-07-01 19:39:17,549 [INFO] [✓] 예측 결과: attack (신뢰도: 0.5183)
2025-07-01 19:39:17,612 [INFO] 수집된 패킷 특징: [0, 6, 170, 0, 0, 0, 0, 0]
2025-07-01 19:39:19,674 [INFO] [✓] 예측 결과: attack (신뢰도: 0.5033)
2025-07-01 19:39:19,676 [INFO] 수집된 패킷 특징: [0, 6, 2533, 0, 0, 0, 0, 0]
2025-07-01 19:39:21,729 [INFO] [✓] 예측 결과: normal (신뢰도: 0.82)
2025-07-01 19:39:21,731 [INFO] 수집된 패킷 특징: [0, 6, 60, 0, 0, 0, 0, 0]
2025-07-01 19:39:23,791 [INFO] [✓] 예측 결과: normal (신뢰도: 0.88)
2025-07-01 19:39:23,793 [INFO] 수집된 패킷 특징: [0, 6, 60, 0, 0, 0, 0, 0]
2025-07-01 19:39:25,863 [INFO] [✓] 예측 결과: normal (신뢰도: 0.88)
2025-07-01 19:39:25,865 [INFO] 수집된 패킷 특징: [0, 6, 153, 0, 0, 0, 0, 0]
2025-07-01 19:39:27,923 [INFO] [✓] 예측 결과: attack (신뢰도: 0.5183)
2025-07-01 19:39:27,984 [INFO] 수집된 패킷 특징: [0, 6, 168, 0, 0, 0, 0, 0]
2025-07-01 19:39:30,044 [INFO] [✓] 예측 결과: attack (신뢰도: 0.5033)
2025-07-01 19:39:30,046 [INFO] 수집된 패킷 특징: [0, 6, 2533, 0, 0, 0, 0, 0]
2025-07-01 19:39:32,105 [INFO] [✓] 예측 결과: normal (신뢰도: 0.82)
2025-07-01 19:39:32,106 [INFO] 수집된 패킷 특징: [0, 6, 60, 0, 0, 0, 0, 0]
2025-07-01 19:39:34,169 [INFO] [✓] 예측 결과: normal (신뢰도: 0.88)
2025-07-01 19:39:34,172 [INFO] 수집된 패킷 특징: [0, 6, 148, 0, 0, 0, 0, 0]
2025-07-01 19:39:36,228 [INFO] [✓] 예측 결과: attack (신뢰도: 0.5283)
2025-07-01 19:39:36,230 [INFO] 수집된 패킷 특징: [0, 6, 54, 0, 0, 0, 0, 0]
2025-07-01 19:39:38,290 [INFO] [✓] 예측 결과: normal (신뢰도: 0.96)
2025-07-01 19:39:38,338 [INFO] 수집된 패킷 특징: [0, 6, 167, 0, 0, 0, 0, 0]
2025-07-01 19:39:40,393 [INFO] [✓] 예측 결과: normal (신뢰도: 0.5067)
2025-07-01 19:39:40,395 [INFO] 수집된 패킷 특징: [0, 6, 2533, 0, 0, 0, 0, 0]
2025-07-01 19:39:42,452 [INFO] [✓] 예측 결과: normal (신뢰도: 0.82)
2025-07-01 19:39:42,454 [INFO] 수집된 패킷 특징: [0, 6, 60, 0, 0, 0, 0, 0]
2025-07-01 19:39:44,516 [INFO] [✓] 예측 결과: normal (신뢰도: 0.88)
2025-07-01 19:39:44,517 [INFO] 수집된 패킷 특징: [0, 6, 153, 0, 0, 0, 0, 0]
2025-07-01 19:39:46,578 [INFO] [✓] 예측 결과: attack (신뢰도: 0.5183)
2025-07-01 19:39:46,579 [INFO] 수집된 패킷 특징: [0, 6, 89, 0, 0, 0, 0, 0]
2025-07-01 19:39:48,640 [INFO] [✓] 예측 결과: normal (신뢰도: 0.504)
2025-07-01 19:39:48,689 [INFO] 수집된 패킷 특징: [0, 6, 167, 0, 0, 0, 0, 0]
2025-07-01 19:39:50,746 [INFO] [✓] 예측 결과: normal (신뢰도: 0.5067)
2025-07-01 19:39:50,749 [INFO] 수집된 패킷 특징: [0, 6, 2533, 0, 0, 0, 0, 0]
2025-07-01 19:39:52,806 [INFO] [✓] 예측 결과: normal (신뢰도: 0.82)
2025-07-01 19:39:52,807 [INFO] 수집된 패킷 특징: [0, 6, 60, 0, 0, 0, 0, 0]
2025-07-01 19:39:54,867 [INFO] [✓] 예측 결과: normal (신뢰도: 0.88)
2025-07-01 19:39:54,869 [INFO] 수집된 패킷 특징: [0, 6, 153, 0, 0, 0, 0, 0]
2025-07-01 19:39:56,938 [INFO] [✓] 예측 결과: attack (신뢰도: 0.5183)
2025-07-01 19:39:56,939 [INFO] 수집된 패킷 특징: [0, 6, 54, 0, 0, 0, 0, 0]
2025-07-01 19:39:58,993 [INFO] [✓] 예측 결과: normal (신뢰도: 0.96)
2025-07-01 19:39:59,070 [INFO] 수집된 패킷 특징: [0, 6, 167, 0, 0, 0, 0, 0]
2025-07-01 19:40:01,131 [INFO] [✓] 예측 결과: normal (신뢰도: 0.5067)
2025-07-01 19:40:01,133 [INFO] 수집된 패킷 특징: [0, 6, 2533, 0, 0, 0, 0, 0]
2025-07-01 19:40:03,191 [INFO] [✓] 예측 결과: normal (신뢰도: 0.82)
2025-07-01 19:40:03,193 [INFO] 수집된 패킷 특징: [0, 6, 60, 0, 0, 0, 0, 0]
2025-07-01 19:40:05,255 [INFO] [✓] 예측 결과: normal (신뢰도: 0.88)
2025-07-01 19:40:05,257 [INFO] 수집된 패킷 특징: [0, 6, 154, 0, 0, 0, 0, 0]
2025-07-01 19:40:07,329 [INFO] [✓] 예측 결과: attack (신뢰도: 0.5183)
2025-07-01 19:40:07,333 [INFO] 수집된 패킷 특징: [0, 6, 54, 0, 0, 0, 0, 0]
2025-07-01 19:40:09,392 [INFO] [✓] 예측 결과: normal (신뢰도: 0.96)
2025-07-01 19:40:09,470 [INFO] 수집된 패킷 특징: [0, 6, 167, 0, 0, 0, 0, 0]
2025-07-01 19:40:11,527 [INFO] [✓] 예측 결과: normal (신뢰도: 0.5067)
2025-07-01 19:40:11,529 [INFO] 수집된 패킷 특징: [0, 6, 2533, 0, 0, 0, 0, 0]
2025-07-01 19:40:13,587 [INFO] [✓] 예측 결과: normal (신뢰도: 0.82)
2025-07-01 19:40:13,589 [INFO] 수집된 패킷 특징: [0, 6, 60, 0, 0, 0, 0, 0]
2025-07-01 19:40:15,647 [INFO] [✓] 예측 결과: normal (신뢰도: 0.88)
2025-07-01 19:40:15,648 [INFO] 수집된 패킷 특징: [0, 6, 150, 0, 0, 0, 0, 0]
2025-07-01 19:40:17,708 [INFO] [✓] 예측 결과: attack (신뢰도: 0.5283)
2025-07-01 19:40:17,711 [INFO] 수집된 패킷 특징: [0, 6, 89, 0, 0, 0, 0, 0]
2025-07-01 19:40:19,773 [INFO] [✓] 예측 결과: normal (신뢰도: 0.504)
2025-07-01 19:40:19,818 [INFO] 수집된 패킷 특징: [0, 6, 167, 0, 0, 0, 0, 0]
2025-07-01 19:40:21,876 [INFO] [✓] 예측 결과: normal (신뢰도: 0.5067)
2025-07-01 19:40:21,878 [INFO] 수집된 패킷 특징: [0, 6, 2533, 0, 0, 0, 0, 0]
2025-07-01 19:40:23,938 [INFO] [✓] 예측 결과: normal (신뢰도: 0.82)
2025-07-01 19:40:23,941 [INFO] 수집된 패킷 특징: [0, 6, 60, 0, 0, 0, 0, 0]
2025-07-01 19:40:26,001 [INFO] [✓] 예측 결과: normal (신뢰도: 0.88)
2025-07-01 19:40:26,003 [INFO] 수집된 패킷 특징: [0, 6, 149, 0, 0, 0, 0, 0]
2025-07-01 19:40:28,064 [INFO] [✓] 예측 결과: attack (신뢰도: 0.5283)
2025-07-01 19:40:28,066 [INFO] 수집된 패킷 특징: [0, 6, 54, 0, 0, 0, 0, 0]
2025-07-01 19:40:30,125 [INFO] [✓] 예측 결과: normal (신뢰도: 0.96)
2025-07-01 19:40:30,173 [INFO] 수집된 패킷 특징: [0, 6, 167, 0, 0, 0, 0, 0]
2025-07-01 19:40:32,231 [INFO] [✓] 예측 결과: normal (신뢰도: 0.5067)
2025-07-01 19:40:32,233 [INFO] 수집된 패킷 특징: [0, 6, 2533, 0, 0, 0, 0, 0]
2025-07-01 19:40:34,291 [INFO] [✓] 예측 결과: normal (신뢰도: 0.82)
2025-07-01 19:40:34,294 [INFO] 수집된 패킷 특징: [0, 6, 60, 0, 0, 0, 0, 0]
2025-07-01 19:40:36,358 [INFO] [✓] 예측 결과: normal (신뢰도: 0.88)
2025-07-01 19:40:36,360 [INFO] 수집된 패킷 특징: [0, 6, 150, 0, 0, 0, 0, 0]
2025-07-01 19:40:38,424 [INFO] [✓] 예측 결과: attack (신뢰도: 0.5283)
2025-07-01 19:40:38,426 [INFO] 수집된 패킷 특징: [0, 17, 90, 0, 0, 0, 0, 0]
2025-07-01 19:40:40,481 [INFO] [✓] 예측 결과: normal (신뢰도: 0.504)
2025-07-01 19:40:40,561 [INFO] 수집된 패킷 특징: [0, 6, 167, 0, 0, 0, 0, 0]
2025-07-01 19:40:42,622 [INFO] [✓] 예측 결과: normal (신뢰도: 0.5067)
2025-07-01 19:40:42,624 [INFO] 수집된 패킷 특징: [0, 6, 2533, 0, 0, 0, 0, 0]
2025-07-01 19:40:44,680 [INFO] [✓] 예측 결과: normal (신뢰도: 0.82)
2025-07-01 19:40:44,682 [INFO] 수집된 패킷 특징: [0, 6, 60, 0, 0, 0, 0, 0]
2025-07-01 19:40:46,744 [INFO] [✓] 예측 결과: normal (신뢰도: 0.88)
2025-07-01 19:40:46,746 [INFO] 수집된 패킷 특징: [0, 6, 149, 0, 0, 0, 0, 0]
2025-07-01 19:40:48,807 [INFO] [✓] 예측 결과: attack (신뢰도: 0.5283)
2025-07-01 19:40:48,809 [INFO] 수집된 패킷 특징: [0, 6, 89, 0, 0, 0, 0, 0]
2025-07-01 19:40:50,865 [INFO] [✓] 예측 결과: normal (신뢰도: 0.504)
2025-07-01 19:40:50,929 [INFO] 수집된 패킷 특징: [0, 6, 167, 0, 0, 0, 0, 0]
2025-07-01 19:40:52,988 [INFO] [✓] 예측 결과: normal (신뢰도: 0.5067)
2025-07-01 19:40:52,990 [INFO] 수집된 패킷 특징: [0, 6, 2533, 0, 0, 0, 0, 0]
2025-07-01 19:40:55,052 [INFO] [✓] 예측 결과: normal (신뢰도: 0.82)
2025-07-01 19:40:55,054 [INFO] 수집된 패킷 특징: [0, 6, 60, 0, 0, 0, 0, 0]
2025-07-01 19:40:57,114 [INFO] [✓] 예측 결과: normal (신뢰도: 0.88)
2025-07-01 19:40:57,116 [INFO] 수집된 패킷 특징: [0, 6, 148, 0, 0, 0, 0, 0]
2025-07-01 19:40:59,174 [INFO] [✓] 예측 결과: attack (신뢰도: 0.5283)
2025-07-01 19:40:59,176 [INFO] 수집된 패킷 특징: [0, 6, 54, 0, 0, 0, 0, 0]
2025-07-01 19:41:01,232 [INFO] [✓] 예측 결과: normal (신뢰도: 0.96)
2025-07-01 19:41:01,295 [INFO] 수집된 패킷 특징: [0, 6, 167, 0, 0, 0, 0, 0]
2025-07-01 19:41:03,351 [INFO] [✓] 예측 결과: normal (신뢰도: 0.5067)
2025-07-01 19:41:03,353 [INFO] 수집된 패킷 특징: [0, 6, 2533, 0, 0, 0, 0, 0]
2025-07-01 19:41:05,415 [INFO] [✓] 예측 결과: normal (신뢰도: 0.82)
2025-07-01 19:41:05,416 [INFO] 수집된 패킷 특징: [0, 6, 55, 0, 0, 0, 0, 0]
2025-07-01 19:41:07,478 [INFO] [✓] 예측 결과: normal (신뢰도: 0.95)
2025-07-01 19:41:07,481 [INFO] 수집된 패킷 특징: [0, 6, 66, 0, 0, 0, 0, 0]
2025-07-01 19:41:09,542 [INFO] [✓] 예측 결과: normal (신뢰도: 0.88)
2025-07-01 19:41:09,544 [INFO] 수집된 패킷 특징: [0, 6, 60, 0, 0, 0, 0, 0]
2025-07-01 19:41:11,600 [INFO] [✓] 예측 결과: normal (신뢰도: 0.88)
2025-07-01 19:41:11,663 [INFO] 수집된 패킷 특징: [0, 6, 170, 0, 0, 0, 0, 0]
2025-07-01 19:41:13,719 [INFO] [✓] 예측 결과: attack (신뢰도: 0.5033)
2025-07-01 19:41:13,721 [INFO] 수집된 패킷 특징: [0, 6, 2533, 0, 0, 0, 0, 0]
2025-07-01 19:41:15,782 [INFO] [✓] 예측 결과: normal (신뢰도: 0.82)
2025-07-01 19:41:15,783 [INFO] 수집된 패킷 특징: [0, 6, 60, 0, 0, 0, 0, 0]
2025-07-01 19:41:17,847 [INFO] [✓] 예측 결과: normal (신뢰도: 0.88)
2025-07-01 19:41:17,850 [INFO] 수집된 패킷 특징: [0, 6, 148, 0, 0, 0, 0, 0]
2025-07-01 19:41:19,904 [INFO] [✓] 예측 결과: attack (신뢰도: 0.5283)
2025-07-01 19:41:19,906 [INFO] 수집된 패킷 특징: [0, 6, 54, 0, 0, 0, 0, 0]
2025-07-01 19:41:21,964 [INFO] [✓] 예측 결과: normal (신뢰도: 0.96)
2025-07-01 19:41:22,027 [INFO] 수집된 패킷 특징: [0, 6, 168, 0, 0, 0, 0, 0]
2025-07-01 19:41:24,085 [INFO] [✓] 예측 결과: attack (신뢰도: 0.5033)
2025-07-01 19:41:24,087 [INFO] 수집된 패킷 특징: [0, 6, 2533, 0, 0, 0, 0, 0]
2025-07-01 19:41:26,157 [INFO] [✓] 예측 결과: normal (신뢰도: 0.82)
2025-07-01 19:41:26,159 [INFO] 수집된 패킷 특징: [0, 6, 60, 0, 0, 0, 0, 0]
2025-07-01 19:41:28,223 [INFO] [✓] 예측 결과: normal (신뢰도: 0.88)
2025-07-01 19:41:28,224 [INFO] 수집된 패킷 특징: [0, 6, 148, 0, 0, 0, 0, 0]
2025-07-01 19:41:30,288 [INFO] [✓] 예측 결과: attack (신뢰도: 0.5283)
2025-07-01 19:41:30,289 [INFO] 수집된 패킷 특징: [0, 6, 54, 0, 0, 0, 0, 0]
2025-07-01 19:41:32,346 [INFO] [✓] 예측 결과: normal (신뢰도: 0.96)
2025-07-01 19:41:32,409 [INFO] 수집된 패킷 특징: [0, 6, 167, 0, 0, 0, 0, 0]
2025-07-01 19:41:34,468 [INFO] [✓] 예측 결과: normal (신뢰도: 0.5067)
2025-07-01 19:41:34,470 [INFO] 수집된 패킷 특징: [0, 6, 2533, 0, 0, 0, 0, 0]
2025-07-01 19:41:36,532 [INFO] [✓] 예측 결과: normal (신뢰도: 0.82)
2025-07-01 19:41:36,534 [INFO] 수집된 패킷 특징: [0, 6, 60, 0, 0, 0, 0, 0]
2025-07-01 19:41:38,595 [INFO] [✓] 예측 결과: normal (신뢰도: 0.88)
2025-07-01 19:41:38,597 [INFO] 수집된 패킷 특징: [0, 6, 148, 0, 0, 0, 0, 0]
2025-07-01 19:41:40,656 [INFO] [✓] 예측 결과: attack (신뢰도: 0.5283)
2025-07-01 19:41:40,657 [INFO] 수집된 패킷 특징: [0, 6, 89, 0, 0, 0, 0, 0]
2025-07-01 19:41:42,716 [INFO] [✓] 예측 결과: normal (신뢰도: 0.504)
2025-07-01 19:41:42,763 [INFO] 수집된 패킷 특징: [0, 6, 172, 0, 0, 0, 0, 0]
2025-07-01 19:41:44,823 [INFO] [✓] 예측 결과: attack (신뢰도: 0.5033)
2025-07-01 19:41:44,826 [INFO] 수집된 패킷 특징: [0, 6, 7381, 0, 0, 0, 0, 0]
2025-07-01 19:41:46,884 [INFO] [✓] 예측 결과: normal (신뢰도: 0.83)
2025-07-01 19:41:46,886 [INFO] 수집된 패킷 특징: [0, 6, 60, 0, 0, 0, 0, 0]
2025-07-01 19:41:48,948 [INFO] [✓] 예측 결과: normal (신뢰도: 0.88)
2025-07-01 19:41:48,950 [INFO] 수집된 패킷 특징: [0, 6, 148, 0, 0, 0, 0, 0]
2025-07-01 19:41:51,010 [INFO] [✓] 예측 결과: attack (신뢰도: 0.5283)
2025-07-01 19:41:51,012 [INFO] 수집된 패킷 특징: [0, 6, 54, 0, 0, 0, 0, 0]
2025-07-01 19:41:53,072 [INFO] [✓] 예측 결과: normal (신뢰도: 0.96)
2025-07-01 19:41:53,120 [INFO] 수집된 패킷 특징: [0, 6, 172, 0, 0, 0, 0, 0]
2025-07-01 19:41:55,182 [INFO] [✓] 예측 결과: attack (신뢰도: 0.5033)
2025-07-01 19:41:55,184 [INFO] 수집된 패킷 특징: [0, 6, 5068, 0, 0, 0, 0, 0]
2025-07-01 19:41:57,246 [INFO] [✓] 예측 결과: normal (신뢰도: 0.83)
2025-07-01 19:41:57,248 [INFO] 수집된 패킷 특징: [0, 6, 93, 0, 0, 0, 0, 0]
2025-07-01 19:41:59,308 [INFO] [✓] 예측 결과: normal (신뢰도: 0.504)
2025-07-01 19:41:59,310 [INFO] 수집된 패킷 특징: [0, 6, 78, 0, 0, 0, 0, 0]
2025-07-01 19:42:01,375 [INFO] [✓] 예측 결과: normal (신뢰도: 0.85)
2025-07-01 19:42:01,377 [INFO] 수집된 패킷 특징: [0, 6, 54, 0, 0, 0, 0, 0]
2025-07-01 19:42:03,432 [INFO] [✓] 예측 결과: normal (신뢰도: 0.96)
2025-07-01 19:42:03,510 [INFO] 수집된 패킷 특징: [0, 6, 167, 0, 0, 0, 0, 0]
2025-07-01 19:42:05,569 [INFO] [✓] 예측 결과: normal (신뢰도: 0.5067)
2025-07-01 19:42:05,570 [INFO] 수집된 패킷 특징: [0, 6, 7383, 0, 0, 0, 0, 0]
2025-07-01 19:42:07,632 [INFO] [✓] 예측 결과: normal (신뢰도: 0.83)
2025-07-01 19:42:07,634 [INFO] 수집된 패킷 특징: [0, 6, 60, 0, 0, 0, 0, 0]
2025-07-01 19:42:09,696 [INFO] [✓] 예측 결과: normal (신뢰도: 0.88)
2025-07-01 19:42:09,698 [INFO] 수집된 패킷 특징: [0, 6, 60, 0, 0, 0, 0, 0]
2025-07-01 19:42:11,758 [INFO] [✓] 예측 결과: normal (신뢰도: 0.88)
2025-07-01 19:42:11,759 [INFO] 수집된 패킷 특징: [0, 6, 153, 0, 0, 0, 0, 0]
2025-07-01 19:42:13,818 [INFO] [✓] 예측 결과: attack (신뢰도: 0.5183)
2025-07-01 19:42:13,881 [INFO] 수집된 패킷 특징: [0, 6, 167, 0, 0, 0, 0, 0]
2025-07-01 19:42:15,949 [INFO] [✓] 예측 결과: normal (신뢰도: 0.5067)
2025-07-01 19:42:15,952 [INFO] 수집된 패킷 특징: [0, 6, 4968, 0, 0, 0, 0, 0]
2025-07-01 19:42:18,021 [INFO] [✓] 예측 결과: normal (신뢰도: 0.83)
2025-07-01 19:42:18,023 [INFO] 수집된 패킷 특징: [0, 6, 60, 0, 0, 0, 0, 0]
2025-07-01 19:42:20,080 [INFO] [✓] 예측 결과: normal (신뢰도: 0.88)
2025-07-01 19:42:20,082 [INFO] 수집된 패킷 특징: [0, 6, 60, 0, 0, 0, 0, 0]
2025-07-01 19:42:22,144 [INFO] [✓] 예측 결과: normal (신뢰도: 0.88)
2025-07-01 19:42:22,146 [INFO] 수집된 패킷 특징: [0, 6, 148, 0, 0, 0, 0, 0]
2025-07-01 19:42:24,204 [INFO] [✓] 예측 결과: attack (신뢰도: 0.5283)
2025-07-01 19:42:24,267 [INFO] 수집된 패킷 특징: [0, 6, 167, 0, 0, 0, 0, 0]
2025-07-01 19:42:26,330 [INFO] [✓] 예측 결과: normal (신뢰도: 0.5067)
2025-07-01 19:42:26,333 [INFO] 수집된 패킷 특징: [0, 6, 2533, 0, 0, 0, 0, 0]
2025-07-01 19:42:28,393 [INFO] [✓] 예측 결과: normal (신뢰도: 0.82)
2025-07-01 19:42:28,395 [INFO] 수집된 패킷 특징: [0, 6, 60, 0, 0, 0, 0, 0]
2025-07-01 19:42:30,453 [INFO] [✓] 예측 결과: normal (신뢰도: 0.88)
2025-07-01 19:42:30,455 [INFO] 수집된 패킷 특징: [0, 6, 153, 0, 0, 0, 0, 0]
2025-07-01 19:42:32,513 [INFO] [✓] 예측 결과: attack (신뢰도: 0.5183)
2025-07-01 19:42:32,514 [INFO] 수집된 패킷 특징: [0, 6, 54, 0, 0, 0, 0, 0]
2025-07-01 19:42:34,573 [INFO] [✓] 예측 결과: normal (신뢰도: 0.96)
2025-07-01 19:42:34,636 [INFO] 수집된 패킷 특징: [0, 6, 167, 0, 0, 0, 0, 0]
2025-07-01 19:42:36,693 [INFO] [✓] 예측 결과: normal (신뢰도: 0.5067)
2025-07-01 19:42:36,695 [INFO] 수집된 패킷 특징: [0, 6, 7383, 0, 0, 0, 0, 0]
2025-07-01 19:42:38,759 [INFO] [✓] 예측 결과: normal (신뢰도: 0.83)
2025-07-01 19:42:38,766 [INFO] 수집된 패킷 특징: [0, 6, 60, 0, 0, 0, 0, 0]
2025-07-01 19:42:40,818 [INFO] [✓] 예측 결과: normal (신뢰도: 0.88)
2025-07-01 19:42:40,819 [INFO] 수집된 패킷 특징: [0, 6, 60, 0, 0, 0, 0, 0]
2025-07-01 19:42:42,878 [INFO] [✓] 예측 결과: normal (신뢰도: 0.88)
2025-07-01 19:42:42,880 [INFO] 수집된 패킷 특징: [0, 6, 148, 0, 0, 0, 0, 0]
2025-07-01 19:42:44,943 [INFO] [✓] 예측 결과: attack (신뢰도: 0.5283)
2025-07-01 19:42:44,992 [INFO] 수집된 패킷 특징: [0, 6, 168, 0, 0, 0, 0, 0]
2025-07-01 19:42:47,053 [INFO] [✓] 예측 결과: attack (신뢰도: 0.5033)
2025-07-01 19:42:47,055 [INFO] 수집된 패킷 특징: [0, 6, 2533, 0, 0, 0, 0, 0]
2025-07-01 19:42:49,122 [INFO] [✓] 예측 결과: normal (신뢰도: 0.82)
2025-07-01 19:42:49,124 [INFO] 수집된 패킷 특징: [0, 6, 60, 0, 0, 0, 0, 0]
2025-07-01 19:42:51,178 [INFO] [✓] 예측 결과: normal (신뢰도: 0.88)
2025-07-01 19:42:51,179 [INFO] 수집된 패킷 특징: [0, 6, 148, 0, 0, 0, 0, 0]
2025-07-01 19:42:53,233 [INFO] [✓] 예측 결과: attack (신뢰도: 0.5283)
2025-07-01 19:42:53,234 [INFO] 수집된 패킷 특징: [0, 6, 54, 0, 0, 0, 0, 0]
2025-07-01 19:42:55,294 [INFO] [✓] 예측 결과: normal (신뢰도: 0.96)
2025-07-01 19:42:55,340 [INFO] 수집된 패킷 특징: [0, 6, 510, 0, 0, 0, 0, 0]
2025-07-01 19:42:57,402 [INFO] [✓] 예측 결과: normal (신뢰도: 0.88)
2025-07-01 19:42:57,404 [INFO] 수집된 패킷 특징: [0, 6, 2533, 0, 0, 0, 0, 0]
2025-07-01 19:42:59,473 [INFO] [✓] 예측 결과: normal (신뢰도: 0.82)
2025-07-01 19:42:59,475 [INFO] 수집된 패킷 특징: [0, 6, 60, 0, 0, 0, 0, 0]
2025-07-01 19:43:01,531 [INFO] [✓] 예측 결과: normal (신뢰도: 0.88)
2025-07-01 19:43:01,533 [INFO] 수집된 패킷 특징: [0, 6, 153, 0, 0, 0, 0, 0]
2025-07-01 19:43:03,593 [INFO] [✓] 예측 결과: attack (신뢰도: 0.5183)
2025-07-01 19:43:03,594 [INFO] 수집된 패킷 특징: [0, 6, 54, 0, 0, 0, 0, 0]
2025-07-01 19:43:05,655 [INFO] [✓] 예측 결과: normal (신뢰도: 0.96)
2025-07-01 19:43:05,718 [INFO] 수집된 패킷 특징: [0, 6, 172, 0, 0, 0, 0, 0]
2025-07-01 19:43:07,779 [INFO] [✓] 예측 결과: attack (신뢰도: 0.5033)
2025-07-01 19:43:07,781 [INFO] 수집된 패킷 특징: [0, 6, 2533, 0, 0, 0, 0, 0]
2025-07-01 19:43:09,841 [INFO] [✓] 예측 결과: normal (신뢰도: 0.82)
2025-07-01 19:43:09,843 [INFO] 수집된 패킷 특징: [0, 6, 164, 0, 0, 0, 0, 0]
2025-07-01 19:43:11,902 [INFO] [✓] 예측 결과: attack (신뢰도: 0.5183)
2025-07-01 19:43:11,903 [INFO] 수집된 패킷 특징: [0, 6, 164, 0, 0, 0, 0, 0]
2025-07-01 19:43:13,961 [INFO] [✓] 예측 결과: attack (신뢰도: 0.5183)
2025-07-01 19:43:13,963 [INFO] 수집된 패킷 특징: [0, 6, 54, 0, 0, 0, 0, 0]
2025-07-01 19:43:16,027 [INFO] [✓] 예측 결과: normal (신뢰도: 0.96)
2025-07-01 19:43:16,089 [INFO] 수집된 패킷 특징: [0, 6, 167, 0, 0, 0, 0, 0]
2025-07-01 19:43:18,135 [INFO] [✓] 예측 결과: normal (신뢰도: 0.5067)
2025-07-01 19:43:18,137 [INFO] 수집된 패킷 특징: [0, 6, 2533, 0, 0, 0, 0, 0]
2025-07-01 19:43:20,196 [INFO] [✓] 예측 결과: normal (신뢰도: 0.82)
2025-07-01 19:43:20,198 [INFO] 수집된 패킷 특징: [0, 6, 60, 0, 0, 0, 0, 0]
2025-07-01 19:43:22,256 [INFO] [✓] 예측 결과: normal (신뢰도: 0.88)
2025-07-01 19:43:22,257 [INFO] 수집된 패킷 특징: [0, 6, 148, 0, 0, 0, 0, 0]
2025-07-01 19:43:24,317 [INFO] [✓] 예측 결과: attack (신뢰도: 0.5283)
2025-07-01 19:43:24,319 [INFO] 수집된 패킷 특징: [0, 6, 54, 0, 0, 0, 0, 0]
2025-07-01 19:43:26,383 [INFO] [✓] 예측 결과: normal (신뢰도: 0.96)
2025-07-01 19:43:26,443 [INFO] 수집된 패킷 특징: [0, 6, 167, 0, 0, 0, 0, 0]
2025-07-01 19:43:28,502 [INFO] [✓] 예측 결과: normal (신뢰도: 0.5067)
2025-07-01 19:43:28,503 [INFO] 수집된 패킷 특징: [0, 6, 2533, 0, 0, 0, 0, 0]
2025-07-01 19:43:30,561 [INFO] [✓] 예측 결과: normal (신뢰도: 0.82)
2025-07-01 19:43:30,565 [INFO] 수집된 패킷 특징: [0, 6, 60, 0, 0, 0, 0, 0]
2025-07-01 19:43:32,620 [INFO] [✓] 예측 결과: normal (신뢰도: 0.88)
2025-07-01 19:43:32,622 [INFO] 수집된 패킷 특징: [0, 6, 148, 0, 0, 0, 0, 0]
2025-07-01 19:43:34,679 [INFO] [✓] 예측 결과: attack (신뢰도: 0.5283)
2025-07-01 19:43:34,681 [INFO] 수집된 패킷 특징: [0, 6, 54, 0, 0, 0, 0, 0]
2025-07-01 19:43:36,733 [INFO] [✓] 예측 결과: normal (신뢰도: 0.96)
2025-07-01 19:43:36,807 [INFO] 수집된 패킷 특징: [0, 6, 167, 0, 0, 0, 0, 0]
2025-07-01 19:43:38,867 [INFO] [✓] 예측 결과: normal (신뢰도: 0.5067)
2025-07-01 19:43:38,869 [INFO] 수집된 패킷 특징: [0, 6, 2533, 0, 0, 0, 0, 0]
2025-07-01 19:43:40,930 [INFO] [✓] 예측 결과: normal (신뢰도: 0.82)
2025-07-01 19:43:40,932 [INFO] 수집된 패킷 특징: [0, 6, 60, 0, 0, 0, 0, 0]
2025-07-01 19:43:42,987 [INFO] [✓] 예측 결과: normal (신뢰도: 0.88)
2025-07-01 19:43:42,989 [INFO] 수집된 패킷 특징: [0, 6, 148, 0, 0, 0, 0, 0]
2025-07-01 19:43:45,048 [INFO] [✓] 예측 결과: attack (신뢰도: 0.5283)
2025-07-01 19:43:45,049 [INFO] 수집된 패킷 특징: [0, 6, 89, 0, 0, 0, 0, 0]
2025-07-01 19:43:47,111 [INFO] [✓] 예측 결과: normal (신뢰도: 0.504)
2025-07-01 19:43:47,161 [INFO] 수집된 패킷 특징: [0, 6, 167, 0, 0, 0, 0, 0]
2025-07-01 19:43:49,218 [INFO] [✓] 예측 결과: normal (신뢰도: 0.5067)
2025-07-01 19:43:49,220 [INFO] 수집된 패킷 특징: [0, 6, 2533, 0, 0, 0, 0, 0]
2025-07-01 19:43:51,281 [INFO] [✓] 예측 결과: normal (신뢰도: 0.82)
2025-07-01 19:43:51,283 [INFO] 수집된 패킷 특징: [0, 6, 60, 0, 0, 0, 0, 0]
2025-07-01 19:43:53,342 [INFO] [✓] 예측 결과: normal (신뢰도: 0.88)
2025-07-01 19:43:53,343 [INFO] 수집된 패킷 특징: [0, 6, 148, 0, 0, 0, 0, 0]
2025-07-01 19:43:55,401 [INFO] [✓] 예측 결과: attack (신뢰도: 0.5283)
2025-07-01 19:43:55,403 [INFO] 수집된 패킷 특징: [0, 6, 54, 0, 0, 0, 0, 0]
2025-07-01 19:43:57,462 [INFO] [✓] 예측 결과: normal (신뢰도: 0.96)
2025-07-01 19:43:57,512 [INFO] 수집된 패킷 특징: [0, 6, 167, 0, 0, 0, 0, 0]
2025-07-01 19:43:59,571 [INFO] [✓] 예측 결과: normal (신뢰도: 0.5067)
2025-07-01 19:43:59,572 [INFO] 수집된 패킷 특징: [0, 6, 2533, 0, 0, 0, 0, 0]
2025-07-01 19:44:01,629 [INFO] [✓] 예측 결과: normal (신뢰도: 0.82)
2025-07-01 19:44:01,630 [INFO] 수집된 패킷 특징: [0, 6, 60, 0, 0, 0, 0, 0]
2025-07-01 19:44:03,905 [ERROR] [predict_packet] 예측 실패: ('Connection aborted.', ConnectionResetError(10054, '현재 연결은 원격 호스트에 의해 강제로 끊겼습니다', None, 10054, None))
2025-07-01 19:44:03,908 [INFO] 수집된 패킷 특징: [0, 6, 148, 0, 0, 0, 0, 0]
